<?xml version="1.0" encoding="utf-8"?>
<test-run id="2" testcasecount="204" result="Passed" total="204" passed="204" failed="0" inconclusive="0" skipped="0" asserts="0" engine-version="3.5.0.0" clr-version="4.0.30319.42000" start-time="2026-07-23 08:26:29Z" end-time="2026-07-23 08:26:32Z" duration="3.1832382">
  <test-suite type="TestSuite" id="1000" name="ICEBREAKER" fullname="ICEBREAKER" runstate="Runnable" testcasecount="204" result="Passed" start-time="2026-07-23 08:26:29Z" end-time="2026-07-23 08:26:32Z" duration="3.183238" total="204" passed="204" failed="0" inconclusive="0" skipped="0" asserts="0">
    <properties>
      <property name="platform" value="EditMode" />
    </properties>
    <test-suite type="Assembly" id="1003" name="Icebreaker.Balance.EditModeTests.dll" fullname="C:/Users/user/AppData/Local/Temp/icebreaker-qa03-20260723-01/Library/ScriptAssemblies/Icebreaker.Balance.EditModeTests.dll" runstate="Runnable" testcasecount="1" result="Passed" start-time="2026-07-23 08:26:29Z" end-time="2026-07-23 08:26:30Z" duration="0.619360" total="1" passed="1" failed="0" inconclusive="0" skipped="0" asserts="0">
      <properties>
        <property name="_PID" value="18456" />
        <property name="_APPDOMAIN" value="Unity Child Domain" />
        <property name="platform" value="EditMode" />
        <property name="EditorOnly" value="True" />
      </properties>
      <test-suite type="TestSuite" id="1004" name="Icebreaker" fullname="Icebreaker" runstate="Runnable" testcasecount="1" result="Passed" start-time="2026-07-23 08:26:29Z" end-time="2026-07-23 08:26:30Z" duration="0.618447" total="1" passed="1" failed="0" inconclusive="0" skipped="0" asserts="0">
        <properties />
        <test-suite type="TestSuite" id="1005" name="Balance" fullname="Icebreaker.Balance" runstate="Runnable" testcasecount="1" result="Passed" start-time="2026-07-23 08:26:29Z" end-time="2026-07-23 08:26:30Z" duration="0.618059" total="1" passed="1" failed="0" inconclusive="0" skipped="0" asserts="0">
          <properties />
          <test-suite type="TestSuite" id="1006" name="Tests" fullname="Icebreaker.Balance.Tests" runstate="Runnable" testcasecount="1" result="Passed" start-time="2026-07-23 08:26:29Z" end-time="2026-07-23 08:26:30Z" duration="0.617628" total="1" passed="1" failed="0" inconclusive="0" skipped="0" asserts="0">
            <properties />
            <test-suite type="TestFixture" id="1001" name="MaintenanceBalanceSimulationTests" fullname="Icebreaker.Balance.Tests.MaintenanceBalanceSimulationTests" classname="Icebreaker.Balance.Tests.MaintenanceBalanceSimulationTests" runstate="Runnable" testcasecount="1" result="Passed" start-time="2026-07-23 08:26:29Z" end-time="2026-07-23 08:26:30Z" duration="0.615644" total="1" passed="1" failed="0" inconclusive="0" skipped="0" asserts="0">
              <properties />
              <test-case id="1002" name="ReferenceBalance_FiveRunsMeetEarlyPurchasePacing" fullname="Icebreaker.Balance.Tests.MaintenanceBalanceSimulationTests.ReferenceBalance_FiveRunsMeetEarlyPurchasePacing" methodname="ReferenceBalance_FiveRunsMeetEarlyPurchasePacing" classname="Icebreaker.Balance.Tests.MaintenanceBalanceSimulationTests" runstate="Runnable" seed="890959252" result="Passed" start-time="2026-07-23 08:26:29Z" end-time="2026-07-23 08:26:30Z" duration="0.592340" asserts="0">
                <properties>
                  <property name="retryIteration" value="0" />
                  <property name="repeatIteration" value="0" />
                </properties>
                <output><![CDATA[runIndex=1 | fundsBeforeRun=0 | earnedFunds=340 | fundsAfterRun=240 | availableSteps=1 | affordableSteps=1 | purchasedSteps=C01-L1 | destroyedByTier=T1:34,T2:0,T3:0 | averageTargetsPerTick=1.000 | damageBySource=CursorAreaPulse:338.0 | destinationProgressGain=34
runIndex=2 | fundsBeforeRun=240 | earnedFunds=320 | fundsAfterRun=90 | availableSteps=4 | affordableSteps=2 | purchasedSteps=C02-L1 | destroyedByTier=T1:32,T2:0,T3:0 | averageTargetsPerTick=1.000 | damageBySource=CursorAreaPulse:324.0 | destinationProgressGain=6
runIndex=3 | fundsBeforeRun=90 | earnedFunds=374 | fundsAfterRun=114 | availableSteps=4 | affordableSteps=2 | purchasedSteps=C03-L1 | destroyedByTier=T1:34,T2:0,T3:0 | averageTargetsPerTick=1.000 | damageBySource=CursorAreaPulse:332.0 | destinationProgressGain=34
runIndex=4 | fundsBeforeRun=114 | earnedFunds=352 | fundsAfterRun=336 | availableSteps=4 | affordableSteps=1 | purchasedSteps=C02-L2 | destroyedByTier=T1:32,T2:0,T3:0 | averageTargetsPerTick=1.000 | damageBySource=CursorAreaPulse:328.0 | destinationProgressGain=32
runIndex=5 | fundsBeforeRun=336 | earnedFunds=372 | fundsAfterRun=138 | availableSteps=4 | affordableSteps=1 | purchasedSteps=D01-L1 | destroyedByTier=T1:23,T2:1,T3:0 | averageTargetsPerTick=1.000 | damageBySource=CursorAreaPulse:334.0 | destinationProgressGain=24
]]></output>
              </test-case>
            </test-suite>
          </test-suite>
        </test-suite>
      </test-suite>
    </test-suite>
    <test-suite type="Assembly" id="1109" name="Icebreaker.Core.EditModeTests.dll" fullname="C:/Users/user/AppData/Local/Temp/icebreaker-qa03-20260723-01/Library/ScriptAssemblies/Icebreaker.Core.EditModeTests.dll" runstate="Runnable" testcasecount="91" result="Passed" start-time="2026-07-23 08:26:30Z" end-time="2026-07-23 08:26:31Z" duration="1.103897" total="91" passed="91" failed="0" inconclusive="0" skipped="0" asserts="0">
      <properties>
        <property name="_PID" value="18456" />
        <property name="_APPDOMAIN" value="Unity Child Domain" />
        <property name="platform" value="EditMode" />
        <property name="EditorOnly" value="True" />
      </properties>
      <test-suite type="TestSuite" id="1110" name="Icebreaker" fullname="Icebreaker" runstate="Runnable" testcasecount="91" result="Passed" start-time="2026-07-23 08:26:30Z" end-time="2026-07-23 08:26:31Z" duration="1.099931" total="91" passed="91" failed="0" inconclusive="0" skipped="0" asserts="0">
        <properties />
        <test-suite type="TestSuite" id="1111" name="Core" fullname="Icebreaker.Core" runstate="Runnable" testcasecount="91" result="Passed" start-time="2026-07-23 08:26:30Z" end-time="2026-07-23 08:26:31Z" duration="1.098318" total="91" passed="91" failed="0" inconclusive="0" skipped="0" asserts="0">
          <properties />
          <test-suite type="TestSuite" id="1112" name="Tests" fullname="Icebreaker.Core.Tests" runstate="Runnable" testcasecount="91" result="Passed" start-time="2026-07-23 08:26:30Z" end-time="2026-07-23 08:26:31Z" duration="1.096650" total="91" passed="91" failed="0" inconclusive="0" skipped="0" asserts="0">
            <properties />
            <test-suite type="TestFixture" id="1007" name="CombatConfigFactoryTests" fullname="Icebreaker.Core.Tests.CombatConfigFactoryTests" classname="Icebreaker.Core.Tests.CombatConfigFactoryTests" runstate="Runnable" testcasecount="13" result="Passed" start-time="2026-07-23 08:26:30Z" end-time="2026-07-23 08:26:30Z" duration="0.021119" total="13" passed="13" failed="0" inconclusive="0" skipped="0" asserts="0">
              <properties />
              <test-case id="1008" name="Build_BaselineMatchesSharedContractReference" fullname="Icebreaker.Core.Tests.CombatConfigFactoryTests.Build_BaselineMatchesSharedContractReference" methodname="Build_BaselineMatchesSharedContractReference" classname="Icebreaker.Core.Tests.CombatConfigFactoryTests" runstate="Runnable" seed="1600033508" result="Passed" start-time="2026-07-23 08:26:30Z" end-time="2026-07-23 08:26:30Z" duration="0.010570" asserts="0">
                <properties>
                  <property name="retryIteration" value="0" />
                  <property name="repeatIteration" value="0" />
                </properties>
              </test-case>
              <test-suite type="ParameterizedMethod" id="1021" name="Build_D04ExpandsCursorRadiusBySixteenPixelsPerLevel" fullname="Icebreaker.Core.Tests.CombatConfigFactoryTests.Build_D04ExpandsCursorRadiusBySixteenPixelsPerLevel" classname="Icebreaker.Core.Tests.CombatConfigFactoryTests" runstate="Runnable" testcasecount="4" result="Passed" start-time="2026-07-23 08:26:30Z" end-time="2026-07-23 08:26:30Z" duration="0.002426" total="4" passed="4" failed="0" inconclusive="0" skipped="0" asserts="0">
                <properties />
                <test-case id="1017" name="Build_D04ExpandsCursorRadiusBySixteenPixelsPerLevel(0,56.0f)" fullname="Icebreaker.Core.Tests.CombatConfigFactoryTests.Build_D04ExpandsCursorRadiusBySixteenPixelsPerLevel(0,56.0f)" methodname="Build_D04ExpandsCursorRadiusBySixteenPixelsPerLevel" classname="Icebreaker.Core.Tests.CombatConfigFactoryTests" runstate="Runnable" seed="1440497659" result="Passed" start-time="2026-07-23 08:26:30Z" end-time="2026-07-23 08:26:30Z" duration="0.000609" asserts="0">
                  <properties>
                    <property name="retryIteration" value="0" />
                    <property name="repeatIteration" value="0" />
                  </properties>
                </test-case>
                <test-case id="1018" name="Build_D04ExpandsCursorRadiusBySixteenPixelsPerLevel(1,72.0f)" fullname="Icebreaker.Core.Tests.CombatConfigFactoryTests.Build_D04ExpandsCursorRadiusBySixteenPixelsPerLevel(1,72.0f)" methodname="Build_D04ExpandsCursorRadiusBySixteenPixelsPerLevel" classname="Icebreaker.Core.Tests.CombatConfigFactoryTests" runstate="Runnable" seed="1402496423" result="Passed" start-time="2026-07-23 08:26:30Z" end-time="2026-07-23 08:26:30Z" duration="0.000176" asserts="0">
                  <properties>
                    <property name="retryIteration" value="0" />
                    <property name="repeatIteration" value="0" />
                  </properties>
                </test-case>
                <test-case id="1019" name="Build_D04ExpandsCursorRadiusBySixteenPixelsPerLevel(2,88.0f)" fullname="Icebreaker.Core.Tests.CombatConfigFactoryTests.Build_D04ExpandsCursorRadiusBySixteenPixelsPerLevel(2,88.0f)" methodname="Build_D04ExpandsCursorRadiusBySixteenPixelsPerLevel" classname="Icebreaker.Core.Tests.CombatConfigFactoryTests" runstate="Runnable" seed="578393097" result="Passed" start-time="2026-07-23 08:26:30Z" end-time="2026-07-23 08:26:30Z" duration="0.000107" asserts="0">
                  <properties>
                    <property name="retryIteration" value="0" />
                    <property name="repeatIteration" value="0" />
                  </properties>
                </test-case>
                <test-case id="1020" name="Build_D04ExpandsCursorRadiusBySixteenPixelsPerLevel(3,104.0f)" fullname="Icebreaker.Core.Tests.CombatConfigFactoryTests.Build_D04ExpandsCursorRadiusBySixteenPixelsPerLevel(3,104.0f)" methodname="Build_D04ExpandsCursorRadiusBySixteenPixelsPerLevel" classname="Icebreaker.Core.Tests.CombatConfigFactoryTests" runstate="Runnable" seed="370080912" result="Passed" start-time="2026-07-23 08:26:30Z" end-time="2026-07-23 08:26:30Z" duration="0.000096" asserts="0">
                  <properties>
                    <property name="retryIteration" value="0" />
                    <property name="repeatIteration" value="0" />
                  </properties>
                </test-case>
              </test-suite>
              <test-suite type="ParameterizedMethod" id="1016" name="Build_DirectProgressionUsesReferenceStyleSteps" fullname="Icebreaker.Core.Tests.CombatConfigFactoryTests.Build_DirectProgressionUsesReferenceStyleSteps" classname="Icebreaker.Core.Tests.CombatConfigFactoryTests" runstate="Runnable" testcasecount="4" result="Passed" start-time="2026-07-23 08:26:30Z" end-time="2026-07-23 08:26:30Z" duration="0.001536" total="4" passed="4" failed="0" inconclusive="0" skipped="0" asserts="0">
                <properties />
                <test-case id="1012" name="Build_DirectProgressionUsesReferenceStyleSteps(0,1.0f,5.0f)" fullname="Icebreaker.Core.Tests.CombatConfigFactoryTests.Build_DirectProgressionUsesReferenceStyleSteps(0,1.0f,5.0f)" methodname="Build_DirectProgressionUsesReferenceStyleSteps" classname="Icebreaker.Core.Tests.CombatConfigFactoryTests" runstate="Runnable" seed="1999773884" result="Passed" start-time="2026-07-23 08:26:30Z" end-time="2026-07-23 08:26:30Z" duration="0.000494" asserts="0">
                  <properties>
                    <property name="retryIteration" value="0" />
                    <property name="repeatIteration" value="0" />
                  </properties>
                </test-case>
                <test-case id="1013" name="Build_DirectProgressionUsesReferenceStyleSteps(1,3.0f,6.25f)" fullname="Icebreaker.Core.Tests.CombatConfigFactoryTests.Build_DirectProgressionUsesReferenceStyleSteps(1,3.0f,6.25f)" methodname="Build_DirectProgressionUsesReferenceStyleSteps" classname="Icebreaker.Core.Tests.CombatConfigFactoryTests" runstate="Runnable" seed="1617073648" result="Passed" start-time="2026-07-23 08:26:30Z" end-time="2026-07-23 08:26:30Z" duration="0.000092" asserts="0">
                  <properties>
                    <property name="retryIteration" value="0" />
                    <property name="repeatIteration" value="0" />
                  </properties>
                </test-case>
                <test-case id="1014" name="Build_DirectProgressionUsesReferenceStyleSteps(2,5.0f,7.5f)" fullname="Icebreaker.Core.Tests.CombatConfigFactoryTests.Build_DirectProgressionUsesReferenceStyleSteps(2,5.0f,7.5f)" methodname="Build_DirectProgressionUsesReferenceStyleSteps" classname="Icebreaker.Core.Tests.CombatConfigFactoryTests" runstate="Runnable" seed="2111293891" result="Passed" start-time="2026-07-23 08:26:30Z" end-time="2026-07-23 08:26:30Z" duration="0.000074" asserts="0">
                  <properties>
                    <property name="retryIteration" value="0" />
                    <property name="repeatIteration" value="0" />
                  </properties>
                </test-case>
                <test-case id="1015" name="Build_DirectProgressionUsesReferenceStyleSteps(3,7.0f,8.75f)" fullname="Icebreaker.Core.Tests.CombatConfigFactoryTests.Build_DirectProgressionUsesReferenceStyleSteps(3,7.0f,8.75f)" methodname="Build_DirectProgressionUsesReferenceStyleSteps" classname="Icebreaker.Core.Tests.CombatConfigFactoryTests" runstate="Runnable" seed="1454785510" result="Passed" start-time="2026-07-23 08:26:30Z" end-time="2026-07-23 08:26:30Z" duration="0.000059" asserts="0">
                  <properties>
                    <property name="retryIteration" value="0" />
                    <property name="repeatIteration" value="0" />
                  </properties>
                </test-case>
              </test-suite>
              <test-case id="1010" name="Build_FullyUpgradedMatchesSharedContractReference" fullname="Icebreaker.Core.Tests.CombatConfigFactoryTests.Build_FullyUpgradedMatchesSharedContractReference" methodname="Build_FullyUpgradedMatchesSharedContractReference" classname="Icebreaker.Core.Tests.CombatConfigFactoryTests" runstate="Runnable" seed="1122593269" result="Passed" start-time="2026-07-23 08:26:30Z" end-time="2026-07-23 08:26:30Z" duration="0.001991" asserts="0">
                <properties>
                  <property name="retryIteration" value="0" />
                  <property name="repeatIteration" value="0" />
                </properties>
              </test-case>
              <test-case id="1011" name="Build_H02LevelOneRoundsCrystalShardCountUp" fullname="Icebreaker.Core.Tests.CombatConfigFactoryTests.Build_H02LevelOneRoundsCrystalShardCountUp" methodname="Build_H02LevelOneRoundsCrystalShardCountUp" classname="Icebreaker.Core.Tests.CombatConfigFactoryTests" runstate="Runnable" seed="1035959889" result="Passed" start-time="2026-07-23 08:26:30Z" end-time="2026-07-23 08:26:30Z" duration="0.000821" asserts="0">
                <properties>
                  <property name="retryIteration" value="0" />
                  <property name="repeatIteration" value="0" />
                </properties>
              </test-case>
              <test-case id="1009" name="Build_IceUnlocksSelectDefinitionsAndSpawnWeights" fullname="Icebreaker.Core.Tests.CombatConfigFactoryTests.Build_IceUnlocksSelectDefinitionsAndSpawnWeights" methodname="Build_IceUnlocksSelectDefinitionsAndSpawnWeights" classname="Icebreaker.Core.Tests.CombatConfigFactoryTests" runstate="Runnable" seed="118225582" result="Passed" start-time="2026-07-23 08:26:30Z" end-time="2026-07-23 08:26:30Z" duration="0.000795" asserts="0">
                <properties>
                  <property name="retryIteration" value="0" />
                  <property name="repeatIteration" value="0" />
                </properties>
              </test-case>
              <test-case id="1022" name="MaintenanceEfficiencyLevel_FeedsRewardTableFormula" fullname="Icebreaker.Core.Tests.CombatConfigFactoryTests.MaintenanceEfficiencyLevel_FeedsRewardTableFormula" methodname="MaintenanceEfficiencyLevel_FeedsRewardTableFormula" classname="Icebreaker.Core.Tests.CombatConfigFactoryTests" runstate="Runnable" seed="1852149991" result="Passed" start-time="2026-07-23 08:26:30Z" end-time="2026-07-23 08:26:30Z" duration="0.000421" asserts="0">
                <properties>
                  <property name="retryIteration" value="0" />
                  <property name="repeatIteration" value="0" />
                </properties>
              </test-case>
            </test-suite>
            <test-suite type="TestFixture" id="1023" name="DestinationCatalogTests" fullname="Icebreaker.Core.Tests.DestinationCatalogTests" classname="Icebreaker.Core.Tests.DestinationCatalogTests" runstate="Runnable" testcasecount="1" result="Passed" start-time="2026-07-23 08:26:30Z" end-time="2026-07-23 08:26:30Z" duration="0.002316" total="1" passed="1" failed="0" inconclusive="0" skipped="0" asserts="0">
              <properties />
              <test-case id="1024" name="CreateStandardAndDemo_MatchDestinationSpecification" fullname="Icebreaker.Core.Tests.DestinationCatalogTests.CreateStandardAndDemo_MatchDestinationSpecification" methodname="CreateStandardAndDemo_MatchDestinationSpecification" classname="Icebreaker.Core.Tests.DestinationCatalogTests" runstate="Runnable" seed="429185728" result="Passed" start-time="2026-07-23 08:26:30Z" end-time="2026-07-23 08:26:30Z" duration="0.001451" asserts="0">
                <properties>
                  <property name="retryIteration" value="0" />
                  <property name="repeatIteration" value="0" />
                </properties>
              </test-case>
            </test-suite>
            <test-suite type="TestFixture" id="1025" name="GameLoopControllerTests" fullname="Icebreaker.Core.Tests.GameLoopControllerTests" classname="Icebreaker.Core.Tests.GameLoopControllerTests" runstate="Runnable" testcasecount="12" result="Passed" start-time="2026-07-23 08:26:30Z" end-time="2026-07-23 08:26:30Z" duration="0.013216" total="12" passed="12" failed="0" inconclusive="0" skipped="0" asserts="0">
              <properties />
              <test-case id="1036" name="CompletedPhase_BlocksStageStart" fullname="Icebreaker.Core.Tests.GameLoopControllerTests.CompletedPhase_BlocksStageStart" methodname="CompletedPhase_BlocksStageStart" classname="Icebreaker.Core.Tests.GameLoopControllerTests" runstate="Runnable" seed="2050756060" result="Passed" start-time="2026-07-23 08:26:30Z" end-time="2026-07-23 08:26:30Z" duration="0.004761" asserts="0">
                <properties>
                  <property name="retryIteration" value="0" />
                  <property name="repeatIteration" value="0" />
                </properties>
              </test-case>
              <test-case id="1037" name="Constructor_RejectsNonPositiveDurations" fullname="Icebreaker.Core.Tests.GameLoopControllerTests.Constructor_RejectsNonPositiveDurations" methodname="Constructor_RejectsNonPositiveDurations" classname="Icebreaker.Core.Tests.GameLoopControllerTests" runstate="Runnable" seed="774799660" result="Passed" start-time="2026-07-23 08:26:30Z" end-time="2026-07-23 08:26:30Z" duration="0.000621" asserts="0">
                <properties>
                  <property name="retryIteration" value="0" />
                  <property name="repeatIteration" value="0" />
                </properties>
              </test-case>
              <test-case id="1029" name="CountdownElapses_TransitionsToPlaying" fullname="Icebreaker.Core.Tests.GameLoopControllerTests.CountdownElapses_TransitionsToPlaying" methodname="CountdownElapses_TransitionsToPlaying" classname="Icebreaker.Core.Tests.GameLoopControllerTests" runstate="Runnable" seed="1251396738" result="Passed" start-time="2026-07-23 08:26:30Z" end-time="2026-07-23 08:26:30Z" duration="0.000921" asserts="0">
                <properties>
                  <property name="retryIteration" value="0" />
                  <property name="repeatIteration" value="0" />
                </properties>
              </test-case>
              <test-case id="1026" name="InitialPhase_IsTraveling" fullname="Icebreaker.Core.Tests.GameLoopControllerTests.InitialPhase_IsTraveling" methodname="InitialPhase_IsTraveling" classname="Icebreaker.Core.Tests.GameLoopControllerTests" runstate="Runnable" seed="2041633873" result="Passed" start-time="2026-07-23 08:26:30Z" end-time="2026-07-23 08:26:30Z" duration="0.000246" asserts="0">
                <properties>
                  <property name="retryIteration" value="0" />
                  <property name="repeatIteration" value="0" />
                </properties>
              </test-case>
              <test-case id="1033" name="InvalidTransition_Throws" fullname="Icebreaker.Core.Tests.GameLoopControllerTests.InvalidTransition_Throws" methodname="InvalidTransition_Throws" classname="Icebreaker.Core.Tests.GameLoopControllerTests" runstate="Runnable" seed="1762543518" result="Passed" start-time="2026-07-23 08:26:30Z" end-time="2026-07-23 08:26:30Z" duration="0.000452" asserts="0">
                <properties>
                  <property name="retryIteration" value="0" />
                  <property name="repeatIteration" value="0" />
                </properties>
              </test-case>
              <test-case id="1028" name="RequestStageStart_FromReady_EntersCountdown" fullname="Icebreaker.Core.Tests.GameLoopControllerTests.RequestStageStart_FromReady_EntersCountdown" methodname="RequestStageStart_FromReady_EntersCountdown" classname="Icebreaker.Core.Tests.GameLoopControllerTests" runstate="Runnable" seed="1882630795" result="Passed" start-time="2026-07-23 08:26:30Z" end-time="2026-07-23 08:26:30Z" duration="0.000391" asserts="0">
                <properties>
                  <property name="retryIteration" value="0" />
                  <property name="repeatIteration" value="0" />
                </properties>
              </test-case>
              <test-case id="1032" name="SettingsPause_FreezesStageClock" fullname="Icebreaker.Core.Tests.GameLoopControllerTests.SettingsPause_FreezesStageClock" methodname="SettingsPause_FreezesStageClock" classname="Icebreaker.Core.Tests.GameLoopControllerTests" runstate="Runnable" seed="422785977" result="Passed" start-time="2026-07-23 08:26:30Z" end-time="2026-07-23 08:26:30Z" duration="0.000330" asserts="0">
                <properties>
                  <property name="retryIteration" value="0" />
                  <property name="repeatIteration" value="0" />
                </properties>
              </test-case>
              <test-case id="1035" name="SettlementWithArrival_ThenCompleteArrival_FinalDestination_Completed" fullname="Icebreaker.Core.Tests.GameLoopControllerTests.SettlementWithArrival_ThenCompleteArrival_FinalDestination_Completed" methodname="SettlementWithArrival_ThenCompleteArrival_FinalDestination_Completed" classname="Icebreaker.Core.Tests.GameLoopControllerTests" runstate="Runnable" seed="859008147" result="Passed" start-time="2026-07-23 08:26:30Z" end-time="2026-07-23 08:26:30Z" duration="0.000247" asserts="0">
                <properties>
                  <property name="retryIteration" value="0" />
                  <property name="repeatIteration" value="0" />
                </properties>
              </test-case>
              <test-case id="1034" name="SettlementWithoutArrival_ReturnsToTraveling_AndResetsVoyage" fullname="Icebreaker.Core.Tests.GameLoopControllerTests.SettlementWithoutArrival_ReturnsToTraveling_AndResetsVoyage" methodname="SettlementWithoutArrival_ReturnsToTraveling_AndResetsVoyage" classname="Icebreaker.Core.Tests.GameLoopControllerTests" runstate="Runnable" seed="1711719001" result="Passed" start-time="2026-07-23 08:26:30Z" end-time="2026-07-23 08:26:30Z" duration="0.000322" asserts="0">
                <properties>
                  <property name="retryIteration" value="0" />
                  <property name="repeatIteration" value="0" />
                </properties>
              </test-case>
              <test-case id="1030" name="StageClockAdvances_AndReachesStageEndingAt60" fullname="Icebreaker.Core.Tests.GameLoopControllerTests.StageClockAdvances_AndReachesStageEndingAt60" methodname="StageClockAdvances_AndReachesStageEndingAt60" classname="Icebreaker.Core.Tests.GameLoopControllerTests" runstate="Runnable" seed="1638015167" result="Passed" start-time="2026-07-23 08:26:30Z" end-time="2026-07-23 08:26:30Z" duration="0.000446" asserts="0">
                <properties>
                  <property name="retryIteration" value="0" />
                  <property name="repeatIteration" value="0" />
                </properties>
              </test-case>
              <test-case id="1031" name="StageEnding_WaitsOnePointTwoSeconds_BeforeSettlement" fullname="Icebreaker.Core.Tests.GameLoopControllerTests.StageEnding_WaitsOnePointTwoSeconds_BeforeSettlement" methodname="StageEnding_WaitsOnePointTwoSeconds_BeforeSettlement" classname="Icebreaker.Core.Tests.GameLoopControllerTests" runstate="Runnable" seed="113129897" result="Passed" start-time="2026-07-23 08:26:30Z" end-time="2026-07-23 08:26:30Z" duration="0.000251" asserts="0">
                <properties>
                  <property name="retryIteration" value="0" />
                  <property name="repeatIteration" value="0" />
                </properties>
              </test-case>
              <test-case id="1027" name="VoyageTimerElapses_TransitionsToReady" fullname="Icebreaker.Core.Tests.GameLoopControllerTests.VoyageTimerElapses_TransitionsToReady" methodname="VoyageTimerElapses_TransitionsToReady" classname="Icebreaker.Core.Tests.GameLoopControllerTests" runstate="Runnable" seed="1368690810" result="Passed" start-time="2026-07-23 08:26:30Z" end-time="2026-07-23 08:26:30Z" duration="0.000862" asserts="0">
                <properties>
                  <property name="retryIteration" value="0" />
                  <property name="repeatIteration" value="0" />
                </properties>
              </test-case>
            </test-suite>
            <test-suite type="TestFixture" id="1038" name="Int02CompleteLoopTests" fullname="Icebreaker.Core.Tests.Int02CompleteLoopTests" classname="Icebreaker.Core.Tests.Int02CompleteLoopTests" runstate="Runnable" testcasecount="2" result="Passed" start-time="2026-07-23 08:26:30Z" end-time="2026-07-23 08:26:30Z" duration="0.164897" total="2" passed="2" failed="0" inconclusive="0" skipped="0" asserts="0">
              <properties />
              <test-case id="1040" name="InterruptedDuringSettlement_KeepsApprovedResults_AndRestartsFullVoyage" fullname="Icebreaker.Core.Tests.Int02CompleteLoopTests.InterruptedDuringSettlement_KeepsApprovedResults_AndRestartsFullVoyage" methodname="InterruptedDuringSettlement_KeepsApprovedResults_AndRestartsFullVoyage" classname="Icebreaker.Core.Tests.Int02CompleteLoopTests" runstate="Runnable" seed="1151934250" result="Passed" start-time="2026-07-23 08:26:30Z" end-time="2026-07-23 08:26:30Z" duration="0.035846" asserts="0">
                <properties>
                  <property name="retryIteration" value="0" />
                  <property name="repeatIteration" value="0" />
                </properties>
              </test-case>
              <test-case id="1039" name="TwoCycles_AccumulateOnce_SettleGrantedTotals_AndResolveSavedBoot" fullname="Icebreaker.Core.Tests.Int02CompleteLoopTests.TwoCycles_AccumulateOnce_SettleGrantedTotals_AndResolveSavedBoot" methodname="TwoCycles_AccumulateOnce_SettleGrantedTotals_AndResolveSavedBoot" classname="Icebreaker.Core.Tests.Int02CompleteLoopTests" runstate="Runnable" seed="230855948" result="Passed" start-time="2026-07-23 08:26:30Z" end-time="2026-07-23 08:26:30Z" duration="0.126829" asserts="0">
                <properties>
                  <property name="retryIteration" value="0" />
                  <property name="repeatIteration" value="0" />
                </properties>
              </test-case>
            </test-suite>
            <test-suite type="TestFixture" id="1041" name="Int02LoopCoordinatorTests" fullname="Icebreaker.Core.Tests.Int02LoopCoordinatorTests" classname="Icebreaker.Core.Tests.Int02LoopCoordinatorTests" runstate="Runnable" testcasecount="14" result="Passed" start-time="2026-07-23 08:26:30Z" end-time="2026-07-23 08:26:31Z" duration="0.410896" total="14" passed="14" failed="0" inconclusive="0" skipped="0" asserts="0">
              <properties />
              <test-case id="1051" name="C02Purchase_AppliesToNextStageReward" fullname="Icebreaker.Core.Tests.Int02LoopCoordinatorTests.C02Purchase_AppliesToNextStageReward" methodname="C02Purchase_AppliesToNextStageReward" classname="Icebreaker.Core.Tests.Int02LoopCoordinatorTests" runstate="Runnable" seed="1623587042" result="Passed" start-time="2026-07-23 08:26:30Z" end-time="2026-07-23 08:26:30Z" duration="0.099736" asserts="0">
                <properties>
                  <property name="retryIteration" value="0" />
                  <property name="repeatIteration" value="0" />
                </properties>
              </test-case>
              <test-case id="1042" name="ContinueSettlement_OnArrival_RequestsPresentationOnceForCompletedDestination" fullname="Icebreaker.Core.Tests.Int02LoopCoordinatorTests.ContinueSettlement_OnArrival_RequestsPresentationOnceForCompletedDestination" methodname="ContinueSettlement_OnArrival_RequestsPresentationOnceForCompletedDestination" classname="Icebreaker.Core.Tests.Int02LoopCoordinatorTests" runstate="Runnable" seed="1560123994" result="Passed" start-time="2026-07-23 08:26:30Z" end-time="2026-07-23 08:26:30Z" duration="0.041529" asserts="0">
                <properties>
                  <property name="retryIteration" value="0" />
                  <property name="repeatIteration" value="0" />
                </properties>
              </test-case>
              <test-case id="1043" name="ContinueSettlement_WithoutArrival_DoesNotRequestPresentation" fullname="Icebreaker.Core.Tests.Int02LoopCoordinatorTests.ContinueSettlement_WithoutArrival_DoesNotRequestPresentation" methodname="ContinueSettlement_WithoutArrival_DoesNotRequestPresentation" classname="Icebreaker.Core.Tests.Int02LoopCoordinatorTests" runstate="Runnable" seed="1477376989" result="Passed" start-time="2026-07-23 08:26:30Z" end-time="2026-07-23 08:26:30Z" duration="0.025748" asserts="0">
                <properties>
                  <property name="retryIteration" value="0" />
                  <property name="repeatIteration" value="0" />
                </properties>
              </test-case>
              <test-case id="1045" name="CurrentCombatConfig_UsesSavedD04RadiusForTheNextStage" fullname="Icebreaker.Core.Tests.Int02LoopCoordinatorTests.CurrentCombatConfig_UsesSavedD04RadiusForTheNextStage" methodname="CurrentCombatConfig_UsesSavedD04RadiusForTheNextStage" classname="Icebreaker.Core.Tests.Int02LoopCoordinatorTests" runstate="Runnable" seed="272750071" result="Passed" start-time="2026-07-23 08:26:30Z" end-time="2026-07-23 08:26:30Z" duration="0.001379" asserts="0">
                <properties>
                  <property name="retryIteration" value="0" />
                  <property name="repeatIteration" value="0" />
                </properties>
              </test-case>
              <test-case id="1050" name="CurrentStageConfig_RemainsFrozenAfterPlayingBegins" fullname="Icebreaker.Core.Tests.Int02LoopCoordinatorTests.CurrentStageConfig_RemainsFrozenAfterPlayingBegins" methodname="CurrentStageConfig_RemainsFrozenAfterPlayingBegins" classname="Icebreaker.Core.Tests.Int02LoopCoordinatorTests" runstate="Runnable" seed="91869510" result="Passed" start-time="2026-07-23 08:26:30Z" end-time="2026-07-23 08:26:30Z" duration="0.004589" asserts="0">
                <properties>
                  <property name="retryIteration" value="0" />
                  <property name="repeatIteration" value="0" />
                </properties>
              </test-case>
              <test-case id="1049" name="RequestStageStart_PublishesLatestD04ConfigBeforeCountdown" fullname="Icebreaker.Core.Tests.Int02LoopCoordinatorTests.RequestStageStart_PublishesLatestD04ConfigBeforeCountdown" methodname="RequestStageStart_PublishesLatestD04ConfigBeforeCountdown" classname="Icebreaker.Core.Tests.Int02LoopCoordinatorTests" runstate="Runnable" seed="176005286" result="Passed" start-time="2026-07-23 08:26:30Z" end-time="2026-07-23 08:26:30Z" duration="0.059367" asserts="0">
                <properties>
                  <property name="retryIteration" value="0" />
                  <property name="repeatIteration" value="0" />
                </properties>
              </test-case>
              <test-case id="1055" name="RouteStatusFactory_ShowsCompletedVoyageWithoutUpcomingDestination" fullname="Icebreaker.Core.Tests.Int02LoopCoordinatorTests.RouteStatusFactory_ShowsCompletedVoyageWithoutUpcomingDestination" methodname="RouteStatusFactory_ShowsCompletedVoyageWithoutUpcomingDestination" classname="Icebreaker.Core.Tests.Int02LoopCoordinatorTests" runstate="Runnable" seed="1799491031" result="Passed" start-time="2026-07-23 08:26:30Z" end-time="2026-07-23 08:26:30Z" duration="0.002845" asserts="0">
                <properties>
                  <property name="retryIteration" value="0" />
                  <property name="repeatIteration" value="0" />
                </properties>
              </test-case>
              <test-case id="1054" name="RouteStatusFactory_UsesLedgerForCompletedAndUpcomingDestinations" fullname="Icebreaker.Core.Tests.Int02LoopCoordinatorTests.RouteStatusFactory_UsesLedgerForCompletedAndUpcomingDestinations" methodname="RouteStatusFactory_UsesLedgerForCompletedAndUpcomingDestinations" classname="Icebreaker.Core.Tests.Int02LoopCoordinatorTests" runstate="Runnable" seed="11135792" result="Passed" start-time="2026-07-23 08:26:30Z" end-time="2026-07-23 08:26:30Z" duration="0.000992" asserts="0">
                <properties>
                  <property name="retryIteration" value="0" />
                  <property name="repeatIteration" value="0" />
                </properties>
              </test-case>
              <test-case id="1052" name="SettingsPause_FreezesTravelAndCompensatesSavedAvailabilityOnClose" fullname="Icebreaker.Core.Tests.Int02LoopCoordinatorTests.SettingsPause_FreezesTravelAndCompensatesSavedAvailabilityOnClose" methodname="SettingsPause_FreezesTravelAndCompensatesSavedAvailabilityOnClose" classname="Icebreaker.Core.Tests.Int02LoopCoordinatorTests" runstate="Runnable" seed="1497059662" result="Passed" start-time="2026-07-23 08:26:30Z" end-time="2026-07-23 08:26:30Z" duration="0.020693" asserts="0">
                <properties>
                  <property name="retryIteration" value="0" />
                  <property name="repeatIteration" value="0" />
                </properties>
              </test-case>
              <test-case id="1053" name="SettingsValues_PersistTogetherWhenModalCloses" fullname="Icebreaker.Core.Tests.Int02LoopCoordinatorTests.SettingsValues_PersistTogetherWhenModalCloses" methodname="SettingsValues_PersistTogetherWhenModalCloses" classname="Icebreaker.Core.Tests.Int02LoopCoordinatorTests" runstate="Runnable" seed="477698972" result="Passed" start-time="2026-07-23 08:26:30Z" end-time="2026-07-23 08:26:30Z" duration="0.014722" asserts="0">
                <properties>
                  <property name="retryIteration" value="0" />
                  <property name="repeatIteration" value="0" />
                </properties>
              </test-case>
              <test-case id="1044" name="ThreeDestinationPlaythrough_CompletesGameAndDisablesStageStart" fullname="Icebreaker.Core.Tests.Int02LoopCoordinatorTests.ThreeDestinationPlaythrough_CompletesGameAndDisablesStageStart" methodname="ThreeDestinationPlaythrough_CompletesGameAndDisablesStageStart" classname="Icebreaker.Core.Tests.Int02LoopCoordinatorTests" runstate="Runnable" seed="1297447930" result="Passed" start-time="2026-07-23 08:26:30Z" end-time="2026-07-23 08:26:31Z" duration="0.121058" asserts="0">
                <properties>
                  <property name="retryIteration" value="0" />
                  <property name="repeatIteration" value="0" />
                </properties>
              </test-case>
              <test-case id="1048" name="TryPurchaseMaintenance_ExactTargetRejectsStaleAndSkippedSteps" fullname="Icebreaker.Core.Tests.Int02LoopCoordinatorTests.TryPurchaseMaintenance_ExactTargetRejectsStaleAndSkippedSteps" methodname="TryPurchaseMaintenance_ExactTargetRejectsStaleAndSkippedSteps" classname="Icebreaker.Core.Tests.Int02LoopCoordinatorTests" runstate="Runnable" seed="984575953" result="Passed" start-time="2026-07-23 08:26:31Z" end-time="2026-07-23 08:26:31Z" duration="0.004396" asserts="0">
                <properties>
                  <property name="retryIteration" value="0" />
                  <property name="repeatIteration" value="0" />
                </properties>
              </test-case>
              <test-case id="1047" name="TryPurchaseMaintenance_RejectsPlayingWithoutMutation" fullname="Icebreaker.Core.Tests.Int02LoopCoordinatorTests.TryPurchaseMaintenance_RejectsPlayingWithoutMutation" methodname="TryPurchaseMaintenance_RejectsPlayingWithoutMutation" classname="Icebreaker.Core.Tests.Int02LoopCoordinatorTests" runstate="Runnable" seed="13780884" result="Passed" start-time="2026-07-23 08:26:31Z" end-time="2026-07-23 08:26:31Z" duration="0.003609" asserts="0">
                <properties>
                  <property name="retryIteration" value="0" />
                  <property name="repeatIteration" value="0" />
                </properties>
              </test-case>
              <test-case id="1046" name="TryPurchaseMaintenance_UpdatesLedgerSaveAndGameStateFundsTogether" fullname="Icebreaker.Core.Tests.Int02LoopCoordinatorTests.TryPurchaseMaintenance_UpdatesLedgerSaveAndGameStateFundsTogether" methodname="TryPurchaseMaintenance_UpdatesLedgerSaveAndGameStateFundsTogether" classname="Icebreaker.Core.Tests.Int02LoopCoordinatorTests" runstate="Runnable" seed="585098312" result="Passed" start-time="2026-07-23 08:26:31Z" end-time="2026-07-23 08:26:31Z" duration="0.005289" asserts="0">
                <properties>
                  <property name="retryIteration" value="0" />
                  <property name="repeatIteration" value="0" />
                </properties>
              </test-case>
            </test-suite>
            <test-suite type="TestFixture" id="1056" name="MaintenanceCoreTests" fullname="Icebreaker.Core.Tests.MaintenanceCoreTests" classname="Icebreaker.Core.Tests.MaintenanceCoreTests" runstate="Runnable" testcasecount="12" result="Passed" start-time="2026-07-23 08:26:31Z" end-time="2026-07-23 08:26:31Z" duration="0.358458" total="12" passed="12" failed="0" inconclusive="0" skipped="0" asserts="0">
              <properties />
              <test-case id="1057" name="Catalog_StandardAndDemoMatchSpecification" fullname="Icebreaker.Core.Tests.MaintenanceCoreTests.Catalog_StandardAndDemoMatchSpecification" methodname="Catalog_StandardAndDemoMatchSpecification" classname="Icebreaker.Core.Tests.MaintenanceCoreTests" runstate="Runnable" seed="116192229" result="Passed" start-time="2026-07-23 08:26:31Z" end-time="2026-07-23 08:26:31Z" duration="0.006860" asserts="0">
                <properties>
                  <property name="retryIteration" value="0" />
                  <property name="repeatIteration" value="0" />
                </properties>
              </test-case>
              <test-case id="1065" name="ExistingOwnedNodes_GrandfatherMissingFirstPurchaseRequirements" fullname="Icebreaker.Core.Tests.MaintenanceCoreTests.ExistingOwnedNodes_GrandfatherMissingFirstPurchaseRequirements" methodname="ExistingOwnedNodes_GrandfatherMissingFirstPurchaseRequirements" classname="Icebreaker.Core.Tests.MaintenanceCoreTests" runstate="Runnable" seed="879017987" result="Passed" start-time="2026-07-23 08:26:31Z" end-time="2026-07-23 08:26:31Z" duration="0.017950" asserts="0">
                <properties>
                  <property name="retryIteration" value="0" />
                  <property name="repeatIteration" value="0" />
                </properties>
              </test-case>
              <test-case id="1067" name="Purchase_FlushesAndRoundTripsLevelsAndFunds" fullname="Icebreaker.Core.Tests.MaintenanceCoreTests.Purchase_FlushesAndRoundTripsLevelsAndFunds" methodname="Purchase_FlushesAndRoundTripsLevelsAndFunds" classname="Icebreaker.Core.Tests.MaintenanceCoreTests" runstate="Runnable" seed="1483756788" result="Passed" start-time="2026-07-23 08:26:31Z" end-time="2026-07-23 08:26:31Z" duration="0.017082" asserts="0">
                <properties>
                  <property name="retryIteration" value="0" />
                  <property name="repeatIteration" value="0" />
                </properties>
              </test-case>
              <test-case id="1068" name="Purchase_MarksDirtyAndFlushesExactlyOnce" fullname="Icebreaker.Core.Tests.MaintenanceCoreTests.Purchase_MarksDirtyAndFlushesExactlyOnce" methodname="Purchase_MarksDirtyAndFlushesExactlyOnce" classname="Icebreaker.Core.Tests.MaintenanceCoreTests" runstate="Runnable" seed="958037124" result="Passed" start-time="2026-07-23 08:26:31Z" end-time="2026-07-23 08:26:31Z" duration="0.003630" asserts="0">
                <properties>
                  <property name="retryIteration" value="0" />
                  <property name="repeatIteration" value="0" />
                </properties>
              </test-case>
              <test-case id="1063" name="TryPurchase_D04RequiresD02AndPersistsAllRadiusLevels" fullname="Icebreaker.Core.Tests.MaintenanceCoreTests.TryPurchase_D04RequiresD02AndPersistsAllRadiusLevels" methodname="TryPurchase_D04RequiresD02AndPersistsAllRadiusLevels" classname="Icebreaker.Core.Tests.MaintenanceCoreTests" runstate="Runnable" seed="567187226" result="Passed" start-time="2026-07-23 08:26:31Z" end-time="2026-07-23 08:26:31Z" duration="0.061421" asserts="0">
                <properties>
                  <property name="retryIteration" value="0" />
                  <property name="repeatIteration" value="0" />
                </properties>
              </test-case>
              <test-case id="1062" name="TryPurchase_EnforcesLevelAndMultipleRequirements" fullname="Icebreaker.Core.Tests.MaintenanceCoreTests.TryPurchase_EnforcesLevelAndMultipleRequirements" methodname="TryPurchase_EnforcesLevelAndMultipleRequirements" classname="Icebreaker.Core.Tests.MaintenanceCoreTests" runstate="Runnable" seed="1291398056" result="Passed" start-time="2026-07-23 08:26:31Z" end-time="2026-07-23 08:26:31Z" duration="0.089463" asserts="0">
                <properties>
                  <property name="retryIteration" value="0" />
                  <property name="repeatIteration" value="0" />
                </properties>
              </test-case>
              <test-case id="1059" name="TryPurchase_EnforcesPrerequisitesMaxLevelAndExactCosts" fullname="Icebreaker.Core.Tests.MaintenanceCoreTests.TryPurchase_EnforcesPrerequisitesMaxLevelAndExactCosts" methodname="TryPurchase_EnforcesPrerequisitesMaxLevelAndExactCosts" classname="Icebreaker.Core.Tests.MaintenanceCoreTests" runstate="Runnable" seed="1994240653" result="Passed" start-time="2026-07-23 08:26:31Z" end-time="2026-07-23 08:26:31Z" duration="0.044677" asserts="0">
                <properties>
                  <property name="retryIteration" value="0" />
                  <property name="repeatIteration" value="0" />
                </properties>
              </test-case>
              <test-case id="1064" name="TryPurchase_NewSaveEnforcesReferenceTreeFirstPurchaseRequirements" fullname="Icebreaker.Core.Tests.MaintenanceCoreTests.TryPurchase_NewSaveEnforcesReferenceTreeFirstPurchaseRequirements" methodname="TryPurchase_NewSaveEnforcesReferenceTreeFirstPurchaseRequirements" classname="Icebreaker.Core.Tests.MaintenanceCoreTests" runstate="Runnable" seed="307369924" result="Passed" start-time="2026-07-23 08:26:31Z" end-time="2026-07-23 08:26:31Z" duration="0.085941" asserts="0">
                <properties>
                  <property name="retryIteration" value="0" />
                  <property name="repeatIteration" value="0" />
                </properties>
              </test-case>
              <test-case id="1060" name="TryPurchase_RejectsUnaffordableWithoutNegativeFunds" fullname="Icebreaker.Core.Tests.MaintenanceCoreTests.TryPurchase_RejectsUnaffordableWithoutNegativeFunds" methodname="TryPurchase_RejectsUnaffordableWithoutNegativeFunds" classname="Icebreaker.Core.Tests.MaintenanceCoreTests" runstate="Runnable" seed="1359528951" result="Passed" start-time="2026-07-23 08:26:31Z" end-time="2026-07-23 08:26:31Z" duration="0.000992" asserts="0">
                <properties>
                  <property name="retryIteration" value="0" />
                  <property name="repeatIteration" value="0" />
                </properties>
              </test-case>
              <test-case id="1066" name="TryPurchase_UsesDemoCosts" fullname="Icebreaker.Core.Tests.MaintenanceCoreTests.TryPurchase_UsesDemoCosts" methodname="TryPurchase_UsesDemoCosts" classname="Icebreaker.Core.Tests.MaintenanceCoreTests" runstate="Runnable" seed="2054061161" result="Passed" start-time="2026-07-23 08:26:31Z" end-time="2026-07-23 08:26:31Z" duration="0.015888" asserts="0">
                <properties>
                  <property name="retryIteration" value="0" />
                  <property name="repeatIteration" value="0" />
                </properties>
              </test-case>
              <test-case id="1061" name="TryPurchaseDetailed_DistinguishesLockedInsufficientFundsAndMaxLevel" fullname="Icebreaker.Core.Tests.MaintenanceCoreTests.TryPurchaseDetailed_DistinguishesLockedInsufficientFundsAndMaxLevel" methodname="TryPurchaseDetailed_DistinguishesLockedInsufficientFundsAndMaxLevel" classname="Icebreaker.Core.Tests.MaintenanceCoreTests" runstate="Runnable" seed="1836539641" result="Passed" start-time="2026-07-23 08:26:31Z" end-time="2026-07-23 08:26:31Z" duration="0.003428" asserts="0">
                <properties>
                  <property name="retryIteration" value="0" />
                  <property name="repeatIteration" value="0" />
                </properties>
              </test-case>
              <test-case id="1058" name="ViewData_CalculatesOwnedAvailableLockedAndAffordability" fullname="Icebreaker.Core.Tests.MaintenanceCoreTests.ViewData_CalculatesOwnedAvailableLockedAndAffordability" methodname="ViewData_CalculatesOwnedAvailableLockedAndAffordability" classname="Icebreaker.Core.Tests.MaintenanceCoreTests" runstate="Runnable" seed="159243552" result="Passed" start-time="2026-07-23 08:26:31Z" end-time="2026-07-23 08:26:31Z" duration="0.006648" asserts="0">
                <properties>
                  <property name="retryIteration" value="0" />
                  <property name="repeatIteration" value="0" />
                </properties>
              </test-case>
            </test-suite>
            <test-suite type="TestFixture" id="1069" name="MaintenancePurchaseStepTests" fullname="Icebreaker.Core.Tests.MaintenancePurchaseStepTests" classname="Icebreaker.Core.Tests.MaintenancePurchaseStepTests" runstate="Runnable" testcasecount="9" result="Passed" start-time="2026-07-23 08:26:31Z" end-time="2026-07-23 08:26:31Z" duration="0.043096" total="9" passed="9" failed="0" inconclusive="0" skipped="0" asserts="0">
              <properties />
              <test-case id="1075" name="AvailableStep_RemainsAvailableWhenFundsAreInsufficient" fullname="Icebreaker.Core.Tests.MaintenancePurchaseStepTests.AvailableStep_RemainsAvailableWhenFundsAreInsufficient" methodname="AvailableStep_RemainsAvailableWhenFundsAreInsufficient" classname="Icebreaker.Core.Tests.MaintenancePurchaseStepTests" runstate="Runnable" seed="1479855448" result="Passed" start-time="2026-07-23 08:26:31Z" end-time="2026-07-23 08:26:31Z" duration="0.002016" asserts="0">
                <properties>
                  <property name="retryIteration" value="0" />
                  <property name="repeatIteration" value="0" />
                </properties>
              </test-case>
              <test-case id="1072" name="C01Purchase_RevealsFourChoicesAndOnlyTheirNextStepChildren" fullname="Icebreaker.Core.Tests.MaintenancePurchaseStepTests.C01Purchase_RevealsFourChoicesAndOnlyTheirNextStepChildren" methodname="C01Purchase_RevealsFourChoicesAndOnlyTheirNextStepChildren" classname="Icebreaker.Core.Tests.MaintenancePurchaseStepTests" runstate="Runnable" seed="10539829" result="Passed" start-time="2026-07-23 08:26:31Z" end-time="2026-07-23 08:26:31Z" duration="0.004074" asserts="0">
                <properties>
                  <property name="retryIteration" value="0" />
                  <property name="repeatIteration" value="0" />
                </properties>
              </test-case>
              <test-case id="1070" name="Catalog_ProjectsExactly26UniqueInRangeStepsForEveryLogicalNode" fullname="Icebreaker.Core.Tests.MaintenancePurchaseStepTests.Catalog_ProjectsExactly26UniqueInRangeStepsForEveryLogicalNode" methodname="Catalog_ProjectsExactly26UniqueInRangeStepsForEveryLogicalNode" classname="Icebreaker.Core.Tests.MaintenancePurchaseStepTests" runstate="Runnable" seed="1394327737" result="Passed" start-time="2026-07-23 08:26:31Z" end-time="2026-07-23 08:26:31Z" duration="0.005309" asserts="0">
                <properties>
                  <property name="retryIteration" value="0" />
                  <property name="repeatIteration" value="0" />
                </properties>
              </test-case>
              <test-case id="1078" name="CatalogValidation_RejectsUndefinedRequirementsAndCycles" fullname="Icebreaker.Core.Tests.MaintenancePurchaseStepTests.CatalogValidation_RejectsUndefinedRequirementsAndCycles" methodname="CatalogValidation_RejectsUndefinedRequirementsAndCycles" classname="Icebreaker.Core.Tests.MaintenancePurchaseStepTests" runstate="Runnable" seed="1640117696" result="Passed" start-time="2026-07-23 08:26:31Z" end-time="2026-07-23 08:26:31Z" duration="0.000788" asserts="0">
                <properties>
                  <property name="retryIteration" value="0" />
                  <property name="repeatIteration" value="0" />
                </properties>
              </test-case>
              <test-case id="1074" name="D02Level1_RevealsD04AsAvailable" fullname="Icebreaker.Core.Tests.MaintenancePurchaseStepTests.D02Level1_RevealsD04AsAvailable" methodname="D02Level1_RevealsD04AsAvailable" classname="Icebreaker.Core.Tests.MaintenancePurchaseStepTests" runstate="Runnable" seed="2095328869" result="Passed" start-time="2026-07-23 08:26:31Z" end-time="2026-07-23 08:26:31Z" duration="0.006930" asserts="0">
                <properties>
                  <property name="retryIteration" value="0" />
                  <property name="repeatIteration" value="0" />
                </properties>
              </test-case>
              <test-case id="1073" name="DirectBranch_RevealsS01AtD01Level1AndD03H01AtLevel2" fullname="Icebreaker.Core.Tests.MaintenancePurchaseStepTests.DirectBranch_RevealsS01AtD01Level1AndD03H01AtLevel2" methodname="DirectBranch_RevealsS01AtD01Level1AndD03H01AtLevel2" classname="Icebreaker.Core.Tests.MaintenancePurchaseStepTests" runstate="Runnable" seed="130799997" result="Passed" start-time="2026-07-23 08:26:31Z" end-time="2026-07-23 08:26:31Z" duration="0.017697" asserts="0">
                <properties>
                  <property name="retryIteration" value="0" />
                  <property name="repeatIteration" value="0" />
                </properties>
              </test-case>
              <test-case id="1077" name="FullyPurchasedSave_ProjectsEveryStepPurchasedAndVisible" fullname="Icebreaker.Core.Tests.MaintenancePurchaseStepTests.FullyPurchasedSave_ProjectsEveryStepPurchasedAndVisible" methodname="FullyPurchasedSave_ProjectsEveryStepPurchasedAndVisible" classname="Icebreaker.Core.Tests.MaintenancePurchaseStepTests" runstate="Runnable" seed="1000790760" result="Passed" start-time="2026-07-23 08:26:31Z" end-time="2026-07-23 08:26:31Z" duration="0.001373" asserts="0">
                <properties>
                  <property name="retryIteration" value="0" />
                  <property name="repeatIteration" value="0" />
                </properties>
              </test-case>
              <test-case id="1076" name="HiddenFutureStep_CannotSkipTheExactNextLevel" fullname="Icebreaker.Core.Tests.MaintenancePurchaseStepTests.HiddenFutureStep_CannotSkipTheExactNextLevel" methodname="HiddenFutureStep_CannotSkipTheExactNextLevel" classname="Icebreaker.Core.Tests.MaintenancePurchaseStepTests" runstate="Runnable" seed="245034581" result="Passed" start-time="2026-07-23 08:26:31Z" end-time="2026-07-23 08:26:31Z" duration="0.001209" asserts="0">
                <properties>
                  <property name="retryIteration" value="0" />
                  <property name="repeatIteration" value="0" />
                </properties>
              </test-case>
              <test-case id="1071" name="InitialVisibility_ShowsC01AndPreviewsOnlyItsFourDirectChildren" fullname="Icebreaker.Core.Tests.MaintenancePurchaseStepTests.InitialVisibility_ShowsC01AndPreviewsOnlyItsFourDirectChildren" methodname="InitialVisibility_ShowsC01AndPreviewsOnlyItsFourDirectChildren" classname="Icebreaker.Core.Tests.MaintenancePurchaseStepTests" runstate="Runnable" seed="1406248024" result="Passed" start-time="2026-07-23 08:26:31Z" end-time="2026-07-23 08:26:31Z" duration="0.000493" asserts="0">
                <properties>
                  <property name="retryIteration" value="0" />
                  <property name="repeatIteration" value="0" />
                </properties>
              </test-case>
            </test-suite>
            <test-suite type="TestFixture" id="1079" name="ProgressionLedgerTests" fullname="Icebreaker.Core.Tests.ProgressionLedgerTests" classname="Icebreaker.Core.Tests.ProgressionLedgerTests" runstate="Runnable" testcasecount="16" result="Passed" start-time="2026-07-23 08:26:31Z" end-time="2026-07-23 08:26:31Z" duration="0.014148" total="16" passed="16" failed="0" inconclusive="0" skipped="0" asserts="0">
              <properties />
              <test-case id="1088" name="ApplyArrival_AdvancesToNextDestination" fullname="Icebreaker.Core.Tests.ProgressionLedgerTests.ApplyArrival_AdvancesToNextDestination" methodname="ApplyArrival_AdvancesToNextDestination" classname="Icebreaker.Core.Tests.ProgressionLedgerTests" runstate="Runnable" seed="580013780" result="Passed" start-time="2026-07-23 08:26:31Z" end-time="2026-07-23 08:26:31Z" duration="0.001676" asserts="0">
                <properties>
                  <property name="retryIteration" value="0" />
                  <property name="repeatIteration" value="0" />
                </properties>
              </test-case>
              <test-case id="1089" name="ApplyArrival_OnLastDestination_CompletesGame" fullname="Icebreaker.Core.Tests.ProgressionLedgerTests.ApplyArrival_OnLastDestination_CompletesGame" methodname="ApplyArrival_OnLastDestination_CompletesGame" classname="Icebreaker.Core.Tests.ProgressionLedgerTests" runstate="Runnable" seed="435690781" result="Passed" start-time="2026-07-23 08:26:31Z" end-time="2026-07-23 08:26:31Z" duration="0.001021" asserts="0">
                <properties>
                  <property name="retryIteration" value="0" />
                  <property name="repeatIteration" value="0" />
                </properties>
              </test-case>
              <test-case id="1084" name="Approve_GrantsRealFundsAndProgress" fullname="Icebreaker.Core.Tests.ProgressionLedgerTests.Approve_GrantsRealFundsAndProgress" methodname="Approve_GrantsRealFundsAndProgress" classname="Icebreaker.Core.Tests.ProgressionLedgerTests" runstate="Runnable" seed="741740494" result="Passed" start-time="2026-07-23 08:26:31Z" end-time="2026-07-23 08:26:31Z" duration="0.000570" asserts="0">
                <properties>
                  <property name="retryIteration" value="0" />
                  <property name="repeatIteration" value="0" />
                </properties>
              </test-case>
              <test-case id="1095" name="BeginStage_FreezesMaintenanceEfficiencyForThatStage" fullname="Icebreaker.Core.Tests.ProgressionLedgerTests.BeginStage_FreezesMaintenanceEfficiencyForThatStage" methodname="BeginStage_FreezesMaintenanceEfficiencyForThatStage" classname="Icebreaker.Core.Tests.ProgressionLedgerTests" runstate="Runnable" seed="785399442" result="Passed" start-time="2026-07-23 08:26:31Z" end-time="2026-07-23 08:26:31Z" duration="0.000342" asserts="0">
                <properties>
                  <property name="retryIteration" value="0" />
                  <property name="repeatIteration" value="0" />
                </properties>
              </test-case>
              <test-case id="1090" name="Constructor_RejectsEmptyDestinations" fullname="Icebreaker.Core.Tests.ProgressionLedgerTests.Constructor_RejectsEmptyDestinations" methodname="Constructor_RejectsEmptyDestinations" classname="Icebreaker.Core.Tests.ProgressionLedgerTests" runstate="Runnable" seed="1513317970" result="Passed" start-time="2026-07-23 08:26:31Z" end-time="2026-07-23 08:26:31Z" duration="0.003810" asserts="0">
                <properties>
                  <property name="retryIteration" value="0" />
                  <property name="repeatIteration" value="0" />
                </properties>
              </test-case>
              <test-case id="1091" name="Constructor_RejectsNullRewardTable" fullname="Icebreaker.Core.Tests.ProgressionLedgerTests.Constructor_RejectsNullRewardTable" methodname="Constructor_RejectsNullRewardTable" classname="Icebreaker.Core.Tests.ProgressionLedgerTests" runstate="Runnable" seed="1201625736" result="Passed" start-time="2026-07-23 08:26:31Z" end-time="2026-07-23 08:26:31Z" duration="0.000666" asserts="0">
                <properties>
                  <property name="retryIteration" value="0" />
                  <property name="repeatIteration" value="0" />
                </properties>
              </test-case>
              <test-case id="1085" name="Duplicate_NotApproved" fullname="Icebreaker.Core.Tests.ProgressionLedgerTests.Duplicate_NotApproved" methodname="Duplicate_NotApproved" classname="Icebreaker.Core.Tests.ProgressionLedgerTests" runstate="Runnable" seed="1596158193" result="Passed" start-time="2026-07-23 08:26:31Z" end-time="2026-07-23 08:26:31Z" duration="0.000379" asserts="0">
                <properties>
                  <property name="retryIteration" value="0" />
                  <property name="repeatIteration" value="0" />
                </properties>
              </test-case>
              <test-case id="1087" name="EndStage_SummaryMatchesAccumulation" fullname="Icebreaker.Core.Tests.ProgressionLedgerTests.EndStage_SummaryMatchesAccumulation" methodname="EndStage_SummaryMatchesAccumulation" classname="Icebreaker.Core.Tests.ProgressionLedgerTests" runstate="Runnable" seed="1785894727" result="Passed" start-time="2026-07-23 08:26:31Z" end-time="2026-07-23 08:26:31Z" duration="0.000397" asserts="0">
                <properties>
                  <property name="retryIteration" value="0" />
                  <property name="repeatIteration" value="0" />
                </properties>
              </test-case>
              <test-case id="1086" name="ProgressCapsAtTarget_ThenFundsOnly" fullname="Icebreaker.Core.Tests.ProgressionLedgerTests.ProgressCapsAtTarget_ThenFundsOnly" methodname="ProgressCapsAtTarget_ThenFundsOnly" classname="Icebreaker.Core.Tests.ProgressionLedgerTests" runstate="Runnable" seed="866870677" result="Passed" start-time="2026-07-23 08:26:31Z" end-time="2026-07-23 08:26:31Z" duration="0.000316" asserts="0">
                <properties>
                  <property name="retryIteration" value="0" />
                  <property name="repeatIteration" value="0" />
                </properties>
              </test-case>
              <test-case id="1080" name="RewardTable_BaseFundsPerTier" fullname="Icebreaker.Core.Tests.ProgressionLedgerTests.RewardTable_BaseFundsPerTier" methodname="RewardTable_BaseFundsPerTier" classname="Icebreaker.Core.Tests.ProgressionLedgerTests" runstate="Runnable" seed="1513336753" result="Passed" start-time="2026-07-23 08:26:31Z" end-time="2026-07-23 08:26:31Z" duration="0.000167" asserts="0">
                <properties>
                  <property name="retryIteration" value="0" />
                  <property name="repeatIteration" value="0" />
                </properties>
              </test-case>
              <test-case id="1082" name="RewardTable_CrackAndNone_NoMultiplier" fullname="Icebreaker.Core.Tests.ProgressionLedgerTests.RewardTable_CrackAndNone_NoMultiplier" methodname="RewardTable_CrackAndNone_NoMultiplier" classname="Icebreaker.Core.Tests.ProgressionLedgerTests" runstate="Runnable" seed="1742196954" result="Passed" start-time="2026-07-23 08:26:31Z" end-time="2026-07-23 08:26:31Z" duration="0.000134" asserts="0">
                <properties>
                  <property name="retryIteration" value="0" />
                  <property name="repeatIteration" value="0" />
                </properties>
              </test-case>
              <test-case id="1081" name="RewardTable_CrystalMultiplier" fullname="Icebreaker.Core.Tests.ProgressionLedgerTests.RewardTable_CrystalMultiplier" methodname="RewardTable_CrystalMultiplier" classname="Icebreaker.Core.Tests.ProgressionLedgerTests" runstate="Runnable" seed="2139317971" result="Passed" start-time="2026-07-23 08:26:31Z" end-time="2026-07-23 08:26:31Z" duration="0.000132" asserts="0">
                <properties>
                  <property name="retryIteration" value="0" />
                  <property name="repeatIteration" value="0" />
                </properties>
              </test-case>
              <test-case id="1083" name="RewardTable_EfficiencyLevel_FloorsOnce" fullname="Icebreaker.Core.Tests.ProgressionLedgerTests.RewardTable_EfficiencyLevel_FloorsOnce" methodname="RewardTable_EfficiencyLevel_FloorsOnce" classname="Icebreaker.Core.Tests.ProgressionLedgerTests" runstate="Runnable" seed="921132877" result="Passed" start-time="2026-07-23 08:26:31Z" end-time="2026-07-23 08:26:31Z" duration="0.000176" asserts="0">
                <properties>
                  <property name="retryIteration" value="0" />
                  <property name="repeatIteration" value="0" />
                </properties>
              </test-case>
              <test-case id="1094" name="TrySpendFunds_ExactAmountSucceedsAndReachesZero" fullname="Icebreaker.Core.Tests.ProgressionLedgerTests.TrySpendFunds_ExactAmountSucceedsAndReachesZero" methodname="TrySpendFunds_ExactAmountSucceedsAndReachesZero" classname="Icebreaker.Core.Tests.ProgressionLedgerTests" runstate="Runnable" seed="1670850772" result="Passed" start-time="2026-07-23 08:26:31Z" end-time="2026-07-23 08:26:31Z" duration="0.000173" asserts="0">
                <properties>
                  <property name="retryIteration" value="0" />
                  <property name="repeatIteration" value="0" />
                </properties>
              </test-case>
              <test-case id="1093" name="TrySpendFunds_InsufficientAmountReturnsFalseWithoutMutation" fullname="Icebreaker.Core.Tests.ProgressionLedgerTests.TrySpendFunds_InsufficientAmountReturnsFalseWithoutMutation" methodname="TrySpendFunds_InsufficientAmountReturnsFalseWithoutMutation" classname="Icebreaker.Core.Tests.ProgressionLedgerTests" runstate="Runnable" seed="650371067" result="Passed" start-time="2026-07-23 08:26:31Z" end-time="2026-07-23 08:26:31Z" duration="0.000170" asserts="0">
                <properties>
                  <property name="retryIteration" value="0" />
                  <property name="repeatIteration" value="0" />
                </properties>
              </test-case>
              <test-case id="1092" name="TrySpendFunds_RejectsNegativeAmount" fullname="Icebreaker.Core.Tests.ProgressionLedgerTests.TrySpendFunds_RejectsNegativeAmount" methodname="TrySpendFunds_RejectsNegativeAmount" classname="Icebreaker.Core.Tests.ProgressionLedgerTests" runstate="Runnable" seed="1286976140" result="Passed" start-time="2026-07-23 08:26:31Z" end-time="2026-07-23 08:26:31Z" duration="0.000696" asserts="0">
                <properties>
                  <property name="retryIteration" value="0" />
                  <property name="repeatIteration" value="0" />
                </properties>
              </test-case>
            </test-suite>
            <test-suite type="TestFixture" id="1096" name="SavePersistenceTests" fullname="Icebreaker.Core.Tests.SavePersistenceTests" classname="Icebreaker.Core.Tests.SavePersistenceTests" runstate="Runnable" testcasecount="12" result="Passed" start-time="2026-07-23 08:26:31Z" end-time="2026-07-23 08:26:31Z" duration="0.064558" total="12" passed="12" failed="0" inconclusive="0" skipped="0" asserts="0">
              <properties />
              <test-case id="1107" name="BootResolver_GameCompleted_IsCompleted" fullname="Icebreaker.Core.Tests.SavePersistenceTests.BootResolver_GameCompleted_IsCompleted" methodname="BootResolver_GameCompleted_IsCompleted" classname="Icebreaker.Core.Tests.SavePersistenceTests" runstate="Runnable" seed="1296347633" result="Passed" start-time="2026-07-23 08:26:31Z" end-time="2026-07-23 08:26:31Z" duration="0.000613" asserts="0">
                <properties>
                  <property name="retryIteration" value="0" />
                  <property name="repeatIteration" value="0" />
                </properties>
              </test-case>
              <test-case id="1105" name="BootResolver_NoSave_IsReady" fullname="Icebreaker.Core.Tests.SavePersistenceTests.BootResolver_NoSave_IsReady" methodname="BootResolver_NoSave_IsReady" classname="Icebreaker.Core.Tests.SavePersistenceTests" runstate="Runnable" seed="1808876283" result="Passed" start-time="2026-07-23 08:26:31Z" end-time="2026-07-23 08:26:31Z" duration="0.000330" asserts="0">
                <properties>
                  <property name="retryIteration" value="0" />
                  <property name="repeatIteration" value="0" />
                </properties>
              </test-case>
              <test-case id="1106" name="BootResolver_RunInProgress_RestartsFullVoyage" fullname="Icebreaker.Core.Tests.SavePersistenceTests.BootResolver_RunInProgress_RestartsFullVoyage" methodname="BootResolver_RunInProgress_RestartsFullVoyage" classname="Icebreaker.Core.Tests.SavePersistenceTests" runstate="Runnable" seed="670723840" result="Passed" start-time="2026-07-23 08:26:31Z" end-time="2026-07-23 08:26:31Z" duration="0.000327" asserts="0">
                <properties>
                  <property name="retryIteration" value="0" />
                  <property name="repeatIteration" value="0" />
                </properties>
              </test-case>
              <test-case id="1108" name="BootResolver_VoyageRemaining_ClampsAndReadies" fullname="Icebreaker.Core.Tests.SavePersistenceTests.BootResolver_VoyageRemaining_ClampsAndReadies" methodname="BootResolver_VoyageRemaining_ClampsAndReadies" classname="Icebreaker.Core.Tests.SavePersistenceTests" runstate="Runnable" seed="146093440" result="Passed" start-time="2026-07-23 08:26:31Z" end-time="2026-07-23 08:26:31Z" duration="0.001957" asserts="0">
                <properties>
                  <property name="retryIteration" value="0" />
                  <property name="repeatIteration" value="0" />
                </properties>
              </test-case>
              <test-case id="1102" name="Profiles_AreSeparateFiles" fullname="Icebreaker.Core.Tests.SavePersistenceTests.Profiles_AreSeparateFiles" methodname="Profiles_AreSeparateFiles" classname="Icebreaker.Core.Tests.SavePersistenceTests" runstate="Runnable" seed="196910430" result="Passed" start-time="2026-07-23 08:26:31Z" end-time="2026-07-23 08:26:31Z" duration="0.012687" asserts="0">
                <properties>
                  <property name="retryIteration" value="0" />
                  <property name="repeatIteration" value="0" />
                </properties>
              </test-case>
              <test-case id="1098" name="Save_IsAtomic_NoTempLeftBehind" fullname="Icebreaker.Core.Tests.SavePersistenceTests.Save_IsAtomic_NoTempLeftBehind" methodname="Save_IsAtomic_NoTempLeftBehind" classname="Icebreaker.Core.Tests.SavePersistenceTests" runstate="Runnable" seed="814241198" result="Passed" start-time="2026-07-23 08:26:31Z" end-time="2026-07-23 08:26:31Z" duration="0.003167" asserts="0">
                <properties>
                  <property name="retryIteration" value="0" />
                  <property name="repeatIteration" value="0" />
                </properties>
              </test-case>
              <test-case id="1099" name="Save_OverwritesExisting" fullname="Icebreaker.Core.Tests.SavePersistenceTests.Save_OverwritesExisting" methodname="Save_OverwritesExisting" classname="Icebreaker.Core.Tests.SavePersistenceTests" runstate="Runnable" seed="311281021" result="Passed" start-time="2026-07-23 08:26:31Z" end-time="2026-07-23 08:26:31Z" duration="0.015284" asserts="0">
                <properties>
                  <property name="retryIteration" value="0" />
                  <property name="repeatIteration" value="0" />
                </properties>
              </test-case>
              <test-case id="1097" name="SaveData_RoundTripsThroughStore" fullname="Icebreaker.Core.Tests.SavePersistenceTests.SaveData_RoundTripsThroughStore" methodname="SaveData_RoundTripsThroughStore" classname="Icebreaker.Core.Tests.SavePersistenceTests" runstate="Runnable" seed="1570823990" result="Passed" start-time="2026-07-23 08:26:31Z" end-time="2026-07-23 08:26:31Z" duration="0.013164" asserts="0">
                <properties>
                  <property name="retryIteration" value="0" />
                  <property name="repeatIteration" value="0" />
                </properties>
              </test-case>
              <test-case id="1103" name="SaveService_DebouncesThenFlushes" fullname="Icebreaker.Core.Tests.SavePersistenceTests.SaveService_DebouncesThenFlushes" methodname="SaveService_DebouncesThenFlushes" classname="Icebreaker.Core.Tests.SavePersistenceTests" runstate="Runnable" seed="1590042803" result="Passed" start-time="2026-07-23 08:26:31Z" end-time="2026-07-23 08:26:31Z" duration="0.003195" asserts="0">
                <properties>
                  <property name="retryIteration" value="0" />
                  <property name="repeatIteration" value="0" />
                </properties>
              </test-case>
              <test-case id="1104" name="SaveService_Flush_ForcesImmediateWrite" fullname="Icebreaker.Core.Tests.SavePersistenceTests.SaveService_Flush_ForcesImmediateWrite" methodname="SaveService_Flush_ForcesImmediateWrite" classname="Icebreaker.Core.Tests.SavePersistenceTests" runstate="Runnable" seed="1685449327" result="Passed" start-time="2026-07-23 08:26:31Z" end-time="2026-07-23 08:26:31Z" duration="0.002555" asserts="0">
                <properties>
                  <property name="retryIteration" value="0" />
                  <property name="repeatIteration" value="0" />
                </properties>
              </test-case>
              <test-case id="1101" name="TryLoad_CorruptFile_PreservesBackup_AndReturnsNull" fullname="Icebreaker.Core.Tests.SavePersistenceTests.TryLoad_CorruptFile_PreservesBackup_AndReturnsNull" methodname="TryLoad_CorruptFile_PreservesBackup_AndReturnsNull" classname="Icebreaker.Core.Tests.SavePersistenceTests" runstate="Runnable" seed="460730591" result="Passed" start-time="2026-07-23 08:26:31Z" end-time="2026-07-23 08:26:31Z" duration="0.007753" asserts="0">
                <properties>
                  <property name="retryIteration" value="0" />
                  <property name="repeatIteration" value="0" />
                </properties>
              </test-case>
              <test-case id="1100" name="TryLoad_MissingFile_ReturnsNull" fullname="Icebreaker.Core.Tests.SavePersistenceTests.TryLoad_MissingFile_ReturnsNull" methodname="TryLoad_MissingFile_ReturnsNull" classname="Icebreaker.Core.Tests.SavePersistenceTests" runstate="Runnable" seed="1401769006" result="Passed" start-time="2026-07-23 08:26:31Z" end-time="2026-07-23 08:26:31Z" duration="0.000416" asserts="0">
                <properties>
                  <property name="retryIteration" value="0" />
                  <property name="repeatIteration" value="0" />
                </properties>
              </test-case>
            </test-suite>
          </test-suite>
        </test-suite>
      </test-suite>
    </test-suite>
    <test-suite type="Assembly" id="1163" name="Icebreaker.Gameplay.EditModeTests.dll" fullname="C:/Users/user/AppData/Local/Temp/icebreaker-qa03-20260723-01/Library/ScriptAssemblies/Icebreaker.Gameplay.EditModeTests.dll" runstate="Runnable" testcasecount="47" result="Passed" start-time="2026-07-23 08:26:31Z" end-time="2026-07-23 08:26:32Z" duration="1.382084" total="47" passed="47" failed="0" inconclusive="0" skipped="0" asserts="0">
      <properties>
        <property name="_PID" value="18456" />
        <property name="_APPDOMAIN" value="Unity Child Domain" />
        <property name="platform" value="EditMode" />
        <property name="EditorOnly" value="True" />
      </properties>
      <test-suite type="TestSuite" id="1164" name="Icebreaker" fullname="Icebreaker" runstate="Runnable" testcasecount="47" result="Passed" start-time="2026-07-23 08:26:31Z" end-time="2026-07-23 08:26:32Z" duration="1.381230" total="47" passed="47" failed="0" inconclusive="0" skipped="0" asserts="0">
        <properties />
        <test-suite type="TestSuite" id="1165" name="Gameplay" fullname="Icebreaker.Gameplay" runstate="Runnable" testcasecount="47" result="Passed" start-time="2026-07-23 08:26:31Z" end-time="2026-07-23 08:26:32Z" duration="1.380503" total="47" passed="47" failed="0" inconclusive="0" skipped="0" asserts="0">
          <properties />
          <test-suite type="TestSuite" id="1166" name="Tests" fullname="Icebreaker.Gameplay.Tests" runstate="Runnable" testcasecount="47" result="Passed" start-time="2026-07-23 08:26:31Z" end-time="2026-07-23 08:26:32Z" duration="1.379803" total="47" passed="47" failed="0" inconclusive="0" skipped="0" asserts="0">
            <properties />
            <test-suite type="TestFixture" id="1113" name="IceFieldTests" fullname="Icebreaker.Gameplay.Tests.IceFieldTests" classname="Icebreaker.Gameplay.Tests.IceFieldTests" runstate="Runnable" testcasecount="44" result="Passed" start-time="2026-07-23 08:26:31Z" end-time="2026-07-23 08:26:32Z" duration="1.372606" total="44" passed="44" failed="0" inconclusive="0" skipped="0" asserts="0">
              <properties />
              <test-case id="1115" name="AllIceInstanceIds_AreUnique" fullname="Icebreaker.Gameplay.Tests.IceFieldTests.AllIceInstanceIds_AreUnique" methodname="AllIceInstanceIds_AreUnique" classname="Icebreaker.Gameplay.Tests.IceFieldTests" runstate="Runnable" seed="296386834" result="Passed" start-time="2026-07-23 08:26:31Z" end-time="2026-07-23 08:26:31Z" duration="0.015919" asserts="0">
                <properties>
                  <property name="retryIteration" value="0" />
                  <property name="repeatIteration" value="0" />
                </properties>
              </test-case>
              <test-case id="1155" name="AreaTick_PauseAndStageEndDoNotDamageOrChargeSupport" fullname="Icebreaker.Gameplay.Tests.IceFieldTests.AreaTick_PauseAndStageEndDoNotDamageOrChargeSupport" methodname="AreaTick_PauseAndStageEndDoNotDamageOrChargeSupport" classname="Icebreaker.Gameplay.Tests.IceFieldTests" runstate="Runnable" seed="2102571855" result="Passed" start-time="2026-07-23 08:26:31Z" end-time="2026-07-23 08:26:31Z" duration="0.012871" asserts="0">
                <properties>
                  <property name="retryIteration" value="0" />
                  <property name="repeatIteration" value="0" />
                </properties>
              </test-case>
              <test-case id="1149" name="AttackTickScheduler_FiresImmediatelyThenCapsRecoveryTicks" fullname="Icebreaker.Gameplay.Tests.IceFieldTests.AttackTickScheduler_FiresImmediatelyThenCapsRecoveryTicks" methodname="AttackTickScheduler_FiresImmediatelyThenCapsRecoveryTicks" classname="Icebreaker.Gameplay.Tests.IceFieldTests" runstate="Runnable" seed="881836223" result="Passed" start-time="2026-07-23 08:26:31Z" end-time="2026-07-23 08:26:31Z" duration="0.007899" asserts="0">
                <properties>
                  <property name="retryIteration" value="0" />
                  <property name="repeatIteration" value="0" />
                </properties>
              </test-case>
              <test-suite type="ParameterizedMethod" id="1154" name="AttackTickScheduler_SixtySecondsStaysWithinOneTick" fullname="Icebreaker.Gameplay.Tests.IceFieldTests.AttackTickScheduler_SixtySecondsStaysWithinOneTick" classname="Icebreaker.Gameplay.Tests.IceFieldTests" runstate="Runnable" testcasecount="4" result="Passed" start-time="2026-07-23 08:26:31Z" end-time="2026-07-23 08:26:31Z" duration="0.076359" total="4" passed="4" failed="0" inconclusive="0" skipped="0" asserts="0">
                <properties />
                <test-case id="1150" name="AttackTickScheduler_SixtySecondsStaysWithinOneTick(5.0f,300)" fullname="Icebreaker.Gameplay.Tests.IceFieldTests.AttackTickScheduler_SixtySecondsStaysWithinOneTick(5.0f,300)" methodname="AttackTickScheduler_SixtySecondsStaysWithinOneTick" classname="Icebreaker.Gameplay.Tests.IceFieldTests" runstate="Runnable" seed="2086550078" result="Passed" start-time="2026-07-23 08:26:31Z" end-time="2026-07-23 08:26:31Z" duration="0.019037" asserts="0">
                  <properties>
                    <property name="retryIteration" value="0" />
                    <property name="repeatIteration" value="0" />
                  </properties>
                </test-case>
                <test-case id="1151" name="AttackTickScheduler_SixtySecondsStaysWithinOneTick(6.25f,375)" fullname="Icebreaker.Gameplay.Tests.IceFieldTests.AttackTickScheduler_SixtySecondsStaysWithinOneTick(6.25f,375)" methodname="AttackTickScheduler_SixtySecondsStaysWithinOneTick" classname="Icebreaker.Gameplay.Tests.IceFieldTests" runstate="Runnable" seed="463760116" result="Passed" start-time="2026-07-23 08:26:31Z" end-time="2026-07-23 08:26:31Z" duration="0.013268" asserts="0">
                  <properties>
                    <property name="retryIteration" value="0" />
[...]
                <test-case id="1223" name="ViewForPhase_MapsLockedPhaseTable(Countdown,Expanded)" fullname="Icebreaker.Window.Tests.WindowLayoutTests.ViewForPhase_MapsLockedPhaseTable(Countdown,Expanded)" methodname="ViewForPhase_MapsLockedPhaseTable" classname="Icebreaker.Window.Tests.WindowLayoutTests" runstate="Runnable" seed="954080904" result="Passed" start-time="2026-07-23 08:26:32Z" end-time="2026-07-23 08:26:32Z" duration="0.000086" asserts="0">
                  <properties>
                    <property name="retryIteration" value="0" />
                    <property name="repeatIteration" value="0" />
                  </properties>
                </test-case>
                <test-case id="1224" name="ViewForPhase_MapsLockedPhaseTable(Playing,Expanded)" fullname="Icebreaker.Window.Tests.WindowLayoutTests.ViewForPhase_MapsLockedPhaseTable(Playing,Expanded)" methodname="ViewForPhase_MapsLockedPhaseTable" classname="Icebreaker.Window.Tests.WindowLayoutTests" runstate="Runnable" seed="605931906" result="Passed" start-time="2026-07-23 08:26:32Z" end-time="2026-07-23 08:26:32Z" duration="0.000103" asserts="0">
                  <properties>
                    <property name="retryIteration" value="0" />
                    <property name="repeatIteration" value="0" />
                  </properties>
                </test-case>
                <test-case id="1225" name="ViewForPhase_MapsLockedPhaseTable(StageEnding,Expanded)" fullname="Icebreaker.Window.Tests.WindowLayoutTests.ViewForPhase_MapsLockedPhaseTable(StageEnding,Expanded)" methodname="ViewForPhase_MapsLockedPhaseTable" classname="Icebreaker.Window.Tests.WindowLayoutTests" runstate="Runnable" seed="348184276" result="Passed" start-time="2026-07-23 08:26:32Z" end-time="2026-07-23 08:26:32Z" duration="0.000083" asserts="0">
                  <properties>
                    <property name="retryIteration" value="0" />
                    <property name="repeatIteration" value="0" />
                  </properties>
                </test-case>
                <test-case id="1226" name="ViewForPhase_MapsLockedPhaseTable(Settlement,Expanded)" fullname="Icebreaker.Window.Tests.WindowLayoutTests.ViewForPhase_MapsLockedPhaseTable(Settlement,Expanded)" methodname="ViewForPhase_MapsLockedPhaseTable" classname="Icebreaker.Window.Tests.WindowLayoutTests" runstate="Runnable" seed="262794957" result="Passed" start-time="2026-07-23 08:26:32Z" end-time="2026-07-23 08:26:32Z" duration="0.000083" asserts="0">
                  <properties>
                    <property name="retryIteration" value="0" />
                    <property name="repeatIteration" value="0" />
                  </properties>
                </test-case>
                <test-case id="1227" name="ViewForPhase_MapsLockedPhaseTable(Arrival,Expanded)" fullname="Icebreaker.Window.Tests.WindowLayoutTests.ViewForPhase_MapsLockedPhaseTable(Arrival,Expanded)" methodname="ViewForPhase_MapsLockedPhaseTable" classname="Icebreaker.Window.Tests.WindowLayoutTests" runstate="Runnable" seed="1673187270" result="Passed" start-time="2026-07-23 08:26:32Z" end-time="2026-07-23 08:26:32Z" duration="0.000083" asserts="0">
                  <properties>
                    <property name="retryIteration" value="0" />
                    <property name="repeatIteration" value="0" />
                  </properties>
                </test-case>
                <test-case id="1228" name="ViewForPhase_MapsLockedPhaseTable(Completed,Collapsed)" fullname="Icebreaker.Window.Tests.WindowLayoutTests.ViewForPhase_MapsLockedPhaseTable(Completed,Collapsed)" methodname="ViewForPhase_MapsLockedPhaseTable" classname="Icebreaker.Window.Tests.WindowLayoutTests" runstate="Runnable" seed="2001079708" result="Passed" start-time="2026-07-23 08:26:32Z" end-time="2026-07-23 08:26:32Z" duration="0.000080" asserts="0">
                  <properties>
                    <property name="retryIteration" value="0" />
                    <property name="repeatIteration" value="0" />
                  </properties>
                </test-case>
              </test-suite>
              <test-suite type="ParameterizedMethod" id="1240" name="ViewForState_ManagementScreenOverridesPhase" fullname="Icebreaker.Window.Tests.WindowLayoutTests.ViewForState_ManagementScreenOverridesPhase" classname="Icebreaker.Window.Tests.WindowLayoutTests" runstate="Runnable" testcasecount="10" result="Passed" start-time="2026-07-23 08:26:32Z" end-time="2026-07-23 08:26:32Z" duration="0.003750" total="10" passed="10" failed="0" inconclusive="0" skipped="0" asserts="0">
                <properties />
                <test-case id="1230" name="ViewForState_ManagementScreenOverridesPhase(Traveling,None,Collapsed)" fullname="Icebreaker.Window.Tests.WindowLayoutTests.ViewForState_ManagementScreenOverridesPhase(Traveling,None,Collapsed)" methodname="ViewForState_ManagementScreenOverridesPhase" classname="Icebreaker.Window.Tests.WindowLayoutTests" runstate="Runnable" seed="1632741826" result="Passed" start-time="2026-07-23 08:26:32Z" end-time="2026-07-23 08:26:32Z" duration="0.000373" asserts="0">
                  <properties>
                    <property name="retryIteration" value="0" />
                    <property name="repeatIteration" value="0" />
                  </properties>
                </test-case>
                <test-case id="1231" name="ViewForState_ManagementScreenOverridesPhase(Traveling,Maintenance,Expanded)" fullname="Icebreaker.Window.Tests.WindowLayoutTests.ViewForState_ManagementScreenOverridesPhase(Traveling,Maintenance,Expanded)" methodname="ViewForState_ManagementScreenOverridesPhase" classname="Icebreaker.Window.Tests.WindowLayoutTests" runstate="Runnable" seed="977345198" result="Passed" start-time="2026-07-23 08:26:32Z" end-time="2026-07-23 08:26:32Z" duration="0.000174" asserts="0">
                  <properties>
                    <property name="retryIteration" value="0" />
                    <property name="repeatIteration" value="0" />
                  </properties>
                </test-case>
                <test-case id="1232" name="ViewForState_ManagementScreenOverridesPhase(Traveling,Route,Expanded)" fullname="Icebreaker.Window.Tests.WindowLayoutTests.ViewForState_ManagementScreenOverridesPhase(Traveling,Route,Expanded)" methodname="ViewForState_ManagementScreenOverridesPhase" classname="Icebreaker.Window.Tests.WindowLayoutTests" runstate="Runnable" seed="1490833812" result="Passed" start-time="2026-07-23 08:26:32Z" end-time="2026-07-23 08:26:32Z" duration="0.000194" asserts="0">
                  <properties>
                    <property name="retryIteration" value="0" />
                    <property name="repeatIteration" value="0" />
                  </properties>
                </test-case>
                <test-case id="1233" name="ViewForState_ManagementScreenOverridesPhase(Traveling,Settings,Expanded)" fullname="Icebreaker.Window.Tests.WindowLayoutTests.ViewForState_ManagementScreenOverridesPhase(Traveling,Settings,Expanded)" methodname="ViewForState_ManagementScreenOverridesPhase" classname="Icebreaker.Window.Tests.WindowLayoutTests" runstate="Runnable" seed="590945347" result="Passed" start-time="2026-07-23 08:26:32Z" end-time="2026-07-23 08:26:32Z" duration="0.000197" asserts="0">
                  <properties>
                    <property name="retryIteration" value="0" />
                    <property name="repeatIteration" value="0" />
                  </properties>
                </test-case>
                <test-case id="1234" name="ViewForState_ManagementScreenOverridesPhase(Ready,Maintenance,Expanded)" fullname="Icebreaker.Window.Tests.WindowLayoutTests.ViewForState_ManagementScreenOverridesPhase(Ready,Maintenance,Expanded)" methodname="ViewForState_ManagementScreenOverridesPhase" classname="Icebreaker.Window.Tests.WindowLayoutTests" runstate="Runnable" seed="1081925321" result="Passed" start-time="2026-07-23 08:26:32Z" end-time="2026-07-23 08:26:32Z" duration="0.000129" asserts="0">
                  <properties>
                    <property name="retryIteration" value="0" />
                    <property name="repeatIteration" value="0" />
                  </properties>
                </test-case>
                <test-case id="1235" name="ViewForState_ManagementScreenOverridesPhase(Ready,Route,Expanded)" fullname="Icebreaker.Window.Tests.WindowLayoutTests.ViewForState_ManagementScreenOverridesPhase(Ready,Route,Expanded)" methodname="ViewForState_ManagementScreenOverridesPhase" classname="Icebreaker.Window.Tests.WindowLayoutTests" runstate="Runnable" seed="83142363" result="Passed" start-time="2026-07-23 08:26:32Z" end-time="2026-07-23 08:26:32Z" duration="0.000138" asserts="0">
                  <properties>
                    <property name="retryIteration" value="0" />
                    <property name="repeatIteration" value="0" />
                  </properties>
                </test-case>
                <test-case id="1236" name="ViewForState_ManagementScreenOverridesPhase(Ready,Settings,Expanded)" fullname="Icebreaker.Window.Tests.WindowLayoutTests.ViewForState_ManagementScreenOverridesPhase(Ready,Settings,Expanded)" methodname="ViewForState_ManagementScreenOverridesPhase" classname="Icebreaker.Window.Tests.WindowLayoutTests" runstate="Runnable" seed="251152489" result="Passed" start-time="2026-07-23 08:26:32Z" end-time="2026-07-23 08:26:32Z" duration="0.000167" asserts="0">
                  <properties>
                    <property name="retryIteration" value="0" />
                    <property name="repeatIteration" value="0" />
                  </properties>
                </test-case>
                <test-case id="1237" name="ViewForState_ManagementScreenOverridesPhase(Ready,None,Collapsed)" fullname="Icebreaker.Window.Tests.WindowLayoutTests.ViewForState_ManagementScreenOverridesPhase(Ready,None,Collapsed)" methodname="ViewForState_ManagementScreenOverridesPhase" classname="Icebreaker.Window.Tests.WindowLayoutTests" runstate="Runnable" seed="1754870522" result="Passed" start-time="2026-07-23 08:26:32Z" end-time="2026-07-23 08:26:32Z" duration="0.000202" asserts="0">
                  <properties>
                    <property name="retryIteration" value="0" />
                    <property name="repeatIteration" value="0" />
                  </properties>
                </test-case>
                <test-case id="1238" name="ViewForState_ManagementScreenOverridesPhase(Playing,None,Expanded)" fullname="Icebreaker.Window.Tests.WindowLayoutTests.ViewForState_ManagementScreenOverridesPhase(Playing,None,Expanded)" methodname="ViewForState_ManagementScreenOverridesPhase" classname="Icebreaker.Window.Tests.WindowLayoutTests" runstate="Runnable" seed="488450294" result="Passed" start-time="2026-07-23 08:26:32Z" end-time="2026-07-23 08:26:32Z" duration="0.000205" asserts="0">
                  <properties>
                    <property name="retryIteration" value="0" />
                    <property name="repeatIteration" value="0" />
                  </properties>
                </test-case>
                <test-case id="1239" name="ViewForState_ManagementScreenOverridesPhase(Completed,Settings,Expanded)" fullname="Icebreaker.Window.Tests.WindowLayoutTests.ViewForState_ManagementScreenOverridesPhase(Completed,Settings,Expanded)" methodname="ViewForState_ManagementScreenOverridesPhase" classname="Icebreaker.Window.Tests.WindowLayoutTests" runstate="Runnable" seed="350191047" result="Passed" start-time="2026-07-23 08:26:32Z" end-time="2026-07-23 08:26:32Z" duration="0.000135" asserts="0">
                  <properties>
                    <property name="retryIteration" value="0" />
                    <property name="repeatIteration" value="0" />
                  </properties>
                </test-case>
              </test-suite>
              <test-case id="1220" name="WindowLargerThanWorkArea_AlignsToWorkAreaOrigin" fullname="Icebreaker.Window.Tests.WindowLayoutTests.WindowLargerThanWorkArea_AlignsToWorkAreaOrigin" methodname="WindowLargerThanWorkArea_AlignsToWorkAreaOrigin" classname="Icebreaker.Window.Tests.WindowLayoutTests" runstate="Runnable" seed="1079223346" result="Passed" start-time="2026-07-23 08:26:32Z" end-time="2026-07-23 08:26:32Z" duration="0.000163" asserts="0">
                <properties>
                  <property name="retryIteration" value="0" />
                  <property name="repeatIteration" value="0" />
                </properties>
              </test-case>
              <test-case id="1217" name="Windows100Percent_PlacesBothViewsAtBottomRightMargin" fullname="Icebreaker.Window.Tests.WindowLayoutTests.Windows100Percent_PlacesBothViewsAtBottomRightMargin" methodname="Windows100Percent_PlacesBothViewsAtBottomRightMargin" classname="Icebreaker.Window.Tests.WindowLayoutTests" runstate="Runnable" seed="2104598199" result="Passed" start-time="2026-07-23 08:26:32Z" end-time="2026-07-23 08:26:32Z" duration="0.000430" asserts="0">
                <properties>
                  <property name="retryIteration" value="0" />
                  <property name="repeatIteration" value="0" />
                </properties>
              </test-case>
              <test-case id="1218" name="Windows125Percent_PlacesBothViewsAtBottomRightMargin" fullname="Icebreaker.Window.Tests.WindowLayoutTests.Windows125Percent_PlacesBothViewsAtBottomRightMargin" methodname="Windows125Percent_PlacesBothViewsAtBottomRightMargin" classname="Icebreaker.Window.Tests.WindowLayoutTests" runstate="Runnable" seed="892852878" result="Passed" start-time="2026-07-23 08:26:32Z" end-time="2026-07-23 08:26:32Z" duration="0.000355" asserts="0">
                <properties>
                  <property name="retryIteration" value="0" />
                  <property name="repeatIteration" value="0" />
                </properties>
              </test-case>
            </test-suite>
            <test-suite type="TestFixture" id="1241" name="WindowStartupDecisionTests" fullname="Icebreaker.Window.Tests.WindowStartupDecisionTests" classname="Icebreaker.Window.Tests.WindowStartupDecisionTests" runstate="Runnable" testcasecount="5" result="Passed" start-time="2026-07-23 08:26:32Z" end-time="2026-07-23 08:26:32Z" duration="0.003333" total="5" passed="5" failed="0" inconclusive="0" skipped="0" asserts="0">
              <properties />
              <test-case id="1242" name="ForceFallback_SelectsNormalWindow_WithoutInvokingInitializer" fullname="Icebreaker.Window.Tests.WindowStartupDecisionTests.ForceFallback_SelectsNormalWindow_WithoutInvokingInitializer" methodname="ForceFallback_SelectsNormalWindow_WithoutInvokingInitializer" classname="Icebreaker.Window.Tests.WindowStartupDecisionTests" runstate="Runnable" seed="1357746206" result="Passed" start-time="2026-07-23 08:26:32Z" end-time="2026-07-23 08:26:32Z" duration="0.000631" asserts="0">
                <properties>
                  <property name="retryIteration" value="0" />
                  <property name="repeatIteration" value="0" />
                </properties>
              </test-case>
              <test-case id="1244" name="InitializerException_SelectsNormalWindow_AndDoesNotThrow" fullname="Icebreaker.Window.Tests.WindowStartupDecisionTests.InitializerException_SelectsNormalWindow_AndDoesNotThrow" methodname="InitializerException_SelectsNormalWindow_AndDoesNotThrow" classname="Icebreaker.Window.Tests.WindowStartupDecisionTests" runstate="Runnable" seed="1131083897" result="Passed" start-time="2026-07-23 08:26:32Z" end-time="2026-07-23 08:26:32Z" duration="0.000620" asserts="0">
                <properties>
                  <property name="retryIteration" value="0" />
                  <property name="repeatIteration" value="0" />
                </properties>
              </test-case>
              <test-case id="1243" name="InitializerFailure_SelectsNormalWindow" fullname="Icebreaker.Window.Tests.WindowStartupDecisionTests.InitializerFailure_SelectsNormalWindow" methodname="InitializerFailure_SelectsNormalWindow" classname="Icebreaker.Window.Tests.WindowStartupDecisionTests" runstate="Runnable" seed="1674899041" result="Passed" start-time="2026-07-23 08:26:32Z" end-time="2026-07-23 08:26:32Z" duration="0.000256" asserts="0">
                <properties>
                  <property name="retryIteration" value="0" />
                  <property name="repeatIteration" value="0" />
                </properties>
              </test-case>
              <test-case id="1245" name="InitializerSuccess_SelectsPluginWindow" fullname="Icebreaker.Window.Tests.WindowStartupDecisionTests.InitializerSuccess_SelectsPluginWindow" methodname="InitializerSuccess_SelectsPluginWindow" classname="Icebreaker.Window.Tests.WindowStartupDecisionTests" runstate="Runnable" seed="562874525" result="Passed" start-time="2026-07-23 08:26:32Z" end-time="2026-07-23 08:26:32Z" duration="0.000300" asserts="0">
                <properties>
                  <property name="retryIteration" value="0" />
                  <property name="repeatIteration" value="0" />
                </properties>
              </test-case>
              <test-case id="1246" name="NullInitializer_Throws" fullname="Icebreaker.Window.Tests.WindowStartupDecisionTests.NullInitializer_Throws" methodname="NullInitializer_Throws" classname="Icebreaker.Window.Tests.WindowStartupDecisionTests" runstate="Runnable" seed="1540165934" result="Passed" start-time="2026-07-23 08:26:32Z" end-time="2026-07-23 08:26:32Z" duration="0.000244" asserts="0">
                <properties>
                  <property name="retryIteration" value="0" />
                  <property name="repeatIteration" value="0" />
                </properties>
              </test-case>
            </test-suite>
            <test-suite type="TestFixture" id="1247" name="WindowViewControllerTests" fullname="Icebreaker.Window.Tests.WindowViewControllerTests" classname="Icebreaker.Window.Tests.WindowViewControllerTests" runstate="Runnable" testcasecount="2" result="Passed" start-time="2026-07-23 08:26:32Z" end-time="2026-07-23 08:26:32Z" duration="0.002612" total="2" passed="2" failed="0" inconclusive="0" skipped="0" asserts="0">
              <properties />
              <test-case id="1249" name="ApplyCollapsed_SetsSizePositionAndTopmost_WithoutFocus" fullname="Icebreaker.Window.Tests.WindowViewControllerTests.ApplyCollapsed_SetsSizePositionAndTopmost_WithoutFocus" methodname="ApplyCollapsed_SetsSizePositionAndTopmost_WithoutFocus" classname="Icebreaker.Window.Tests.WindowViewControllerTests" runstate="Runnable" seed="395804467" result="Passed" start-time="2026-07-23 08:26:32Z" end-time="2026-07-23 08:26:32Z" duration="0.001030" asserts="0">
                <properties>
                  <property name="retryIteration" value="0" />
                  <property name="repeatIteration" value="0" />
                </properties>
              </test-case>
              <test-case id="1248" name="ApplyExpanded_SetsSizePositionAndTopmost_WithoutFocus" fullname="Icebreaker.Window.Tests.WindowViewControllerTests.ApplyExpanded_SetsSizePositionAndTopmost_WithoutFocus" methodname="ApplyExpanded_SetsSizePositionAndTopmost_WithoutFocus" classname="Icebreaker.Window.Tests.WindowViewControllerTests" runstate="Runnable" seed="1682625925" result="Passed" start-time="2026-07-23 08:26:32Z" end-time="2026-07-23 08:26:32Z" duration="0.000676" asserts="0">
                <properties>
                  <property name="retryIteration" value="0" />
                  <property name="repeatIteration" value="0" />
                </properties>
                <output><![CDATA[Saving results to: C:/Users/user/AppData/LocalLow/DaegyungJamTeam12/ICEBREAKER\TestResults.xml
]]></output>
              </test-case>
            </test-suite>
          </test-suite>
        </test-suite>
      </test-suite>
    </test-suite>
  </test-suite>
</test-run>